<?xml version="1.0" encoding="utf-8"?><testsuites name="pytest tests"><testsuite name="pytest" errors="0" failures="2" skipped="1" tests="115" time="92.755" timestamp="2026-05-06T18:02:08.991241+00:00" hostname="agent-env-908b3c0b-2459-4329-a3a2-ce44124f95b9"><testcase classname="backend.tests.test_grid_backend.TestAuth" name="test_register_returns_token_and_cookies" time="0.574" /><testcase classname="backend.tests.test_grid_backend.TestAuth" name="test_login_valid" time="0.375" /><testcase classname="backend.tests.test_grid_backend.TestAuth" name="test_login_invalid" time="0.388" /><testcase classname="backend.tests.test_grid_backend.TestAuth" name="test_me_with_bearer" time="0.517" /><testcase classname="backend.tests.test_grid_backend.TestAuth" name="test_devices_unauth" time="0.134" /><testcase classname="backend.tests.test_grid_backend.TestDevices" name="test_register_all_three_models" time="0.433" /><testcase classname="backend.tests.test_grid_backend.TestDevices" name="test_register_invalid_model" time="0.146" /><testcase classname="backend.tests.test_grid_backend.TestDevices" name="test_list_only_current_user" time="0.136" /><testcase classname="backend.tests.test_grid_backend.TestDevices" name="test_heartbeat_eligible" time="0.160" /><testcase classname="backend.tests.test_grid_backend.TestDevices" name="test_heartbeat_ineligible_when_any_false" time="0.432" /><testcase classname="backend.tests.test_grid_backend.TestTasks" name="test_request_requires_golden_rule" time="0.284" /><testcase classname="backend.tests.test_grid_backend.TestTasks" name="test_matrix_and_hash_verified" time="1.377" /><testcase classname="backend.tests.test_grid_backend.TestTasks" name="test_incorrect_result_rejected" time="0.315" /><testcase classname="backend.tests.test_grid_backend.TestTasks" name="test_fraud_shield_flags_on_fast_correct" time="2.358" /><testcase classname="backend.tests.test_grid_backend.TestWallet" name="test_wallet_structure" time="0.123"><failure message="assert 200.0 == 5.0">E   assert 200.0 == 5.0</failure></testcase><testcase classname="backend.tests.test_grid_backend.TestWallet" name="test_withdraw_below_threshold" time="0.197" /><testcase classname="backend.tests.test_grid_backend.TestWallet" name="test_withdraw_success_when_bumped" time="0.000"><skipped type="pytest.skip" message="Requires direct DB bump; covered by threshold test above">/app/backend/tests/test_grid_backend.py:338: Requires direct DB bump; covered by threshold test above</skipped></testcase><testcase classname="backend.tests.test_grid_backend.TestStats" name="test_network_stats" time="0.135" /><testcase classname="backend.tests.test_grid_backend.TestAdmin" name="test_non_admin_forbidden" time="0.617" /><testcase classname="backend.tests.test_grid_backend.TestAdmin" name="test_admin_can_access" time="1.099" /><testcase classname="backend.tests.test_grid_backend.TestAdmin" name="test_admin_flag_and_unflag" time="0.292" /><testcase classname="backend.tests.test_grid_backend.TestAdmin" name="test_non_admin_cannot_approve_payout" time="0.220" /><testcase classname="backend.tests.test_iteration2_customer_jobs.TestRegisterRoles" name="test_register_customer" time="0.381" /><testcase classname="backend.tests.test_iteration2_customer_jobs.TestRegisterRoles" name="test_register_user_default" time="0.365" /><testcase classname="backend.tests.test_iteration2_customer_jobs.TestRegisterRoles" name="test_register_admin_self_assign_blocked" time="0.366" /><testcase classname="backend.tests.test_iteration2_customer_jobs.TestRegisterRoles" name="test_customer_login_routes_role" time="0.749" /><testcase classname="backend.tests.test_iteration2_customer_jobs.TestJobsCRUD" name="test_create_job_pending_with_rate" time="0.520" /><testcase classname="backend.tests.test_iteration2_customer_jobs.TestJobsCRUD" name="test_list_jobs_only_owned" time="1.317" /><testcase classname="backend.tests.test_iteration2_customer_jobs.TestJobsCRUD" name="test_get_job_by_id_and_404_for_other" time="1.200" /><testcase classname="backend.tests.test_iteration2_customer_jobs.TestJobsCRUD" name="test_worker_cannot_create_job" time="0.787" /><testcase classname="backend.tests.test_iteration2_customer_jobs.TestAdminJobs" name="test_non_admin_cannot_list_admin_jobs" time="0.492" /><testcase classname="backend.tests.test_iteration2_customer_jobs.TestAdminJobs" name="test_admin_lists_all_jobs" time="1.195" /><testcase classname="backend.tests.test_iteration2_customer_jobs.TestAdminJobs" name="test_approve_pending_to_running" time="0.925" /><testcase classname="backend.tests.test_iteration2_customer_jobs.TestAdminJobs" name="test_reject_then_re_approve" time="1.334" /><testcase classname="backend.tests.test_iteration2_customer_jobs.TestWorkerJobBinding" name="test_no_running_jobs_task_has_null_job_id" time="0.424" /><testcase classname="backend.tests.test_iteration2_customer_jobs.TestWorkerJobBinding" name="test_matrix_workload_forces_matrix_kind" time="1.497" /><testcase classname="backend.tests.test_iteration2_customer_jobs.TestWorkerJobBinding" name="test_hash_workload_forces_hash_kind" time="1.219" /><testcase classname="backend.tests.test_iteration2_customer_jobs.TestWorkerJobBinding" name="test_incorrect_result_does_not_increment_job" time="1.383" /><testcase classname="backend.tests.test_iteration2_customer_jobs.TestGoldenFlow" name="test_full_customer_to_completion" time="2.241" /><testcase classname="backend.tests.test_iteration2_customer_jobs.TestAdminLedger" name="test_ledger_structure" time="0.134" /><testcase classname="backend.tests.test_iteration2_customer_jobs.TestAdminLedger" name="test_non_admin_cannot_see_ledger" time="0.496" /><testcase classname="backend.tests.test_iteration2_customer_jobs.TestDeviceHealth" name="test_heartbeat_persists_brand_os_thermal" time="0.473" /><testcase classname="backend.tests.test_iteration3_features.TestAPK" name="test_apk_version_metadata" time="0.646" /><testcase classname="backend.tests.test_iteration3_features.TestAPK" name="test_apk_track_download_counts_and_rate_limits" time="0.857" /><testcase classname="backend.tests.test_iteration3_features.TestAutoMining" name="test_get_auto_mining_admin_only" time="0.667" /><testcase classname="backend.tests.test_iteration3_features.TestAutoMining" name="test_set_auto_mining_persists" time="0.426" /><testcase classname="backend.tests.test_iteration3_features.TestAutoMining" name="test_worker_baseline_blocked_when_auto_mining_off" time="1.327" /><testcase classname="backend.tests.test_iteration3_features.TestAutoMining" name="test_worker_baseline_allowed_when_auto_mining_on" time="2.910" /><testcase classname="backend.tests.test_iteration3_features.TestHashrate" name="test_hashrate_structure" time="0.134" /><testcase classname="backend.tests.test_iteration3_features.TestHashrate" name="test_hashrate_admin_only" time="0.516" /><testcase classname="backend.tests.test_iteration3_features.TestPriority" name="test_create_job_default_priority_standard" time="0.586" /><testcase classname="backend.tests.test_iteration3_features.TestPriority" name="test_create_job_persists_priority_instant" time="0.664" /><testcase classname="backend.tests.test_iteration3_features.TestPriority" name="test_priority_multiplier_in_submit_response" time="2.703" /><testcase classname="backend.tests.test_iteration3_features.TestResultsExport" name="test_results_json_export" time="1.861" /><testcase classname="backend.tests.test_iteration3_features.TestResultsExport" name="test_results_csv_export" time="1.945" /><testcase classname="backend.tests.test_iteration3_features.TestResultsExport" name="test_results_export_other_customer_404" time="2.433" /><testcase classname="backend.tests.test_iteration3_features.TestApiKey" name="test_get_api_key_returns_existing_or_generated" time="0.637" /><testcase classname="backend.tests.test_iteration3_features.TestApiKey" name="test_regenerate_returns_new_key" time="0.840" /><testcase classname="backend.tests.test_iteration3_features.TestApiKey" name="test_worker_cannot_access_api_key" time="0.930" /><testcase classname="backend.tests.test_iteration3_features.TestReferrals" name="test_register_returns_referral_code" time="0.734" /><testcase classname="backend.tests.test_iteration3_features.TestReferrals" name="test_register_with_referral_links_referrer" time="1.493" /><testcase classname="backend.tests.test_iteration3_features.TestReferrals" name="test_referrals_endpoint_basic_structure" time="0.748" /><testcase classname="backend.tests.test_iteration3_features.TestReferrals" name="test_referral_share_card_svg" time="0.816" /><testcase classname="backend.tests.test_iteration3_features.TestReferrals" name="test_referral_commission_credited_on_verified_task" time="13.272" /><testcase classname="backend.tests.test_iteration3_features.TestBruteForceLockout" name="test_lockout_engages_on_5th_attempt" time="0.917" /><testcase classname="backend.tests.test_iteration3_features.TestBruteForceLockout" name="test_successful_login_clears_attempts" time="2.578" /><testcase classname="backend.tests.test_iteration3_features.TestLoginPayload" name="test_customer_login_includes_referral_code_and_api_key" time="0.729" /><testcase classname="backend.tests.test_iteration3_features.TestLoginPayload" name="test_worker_login_includes_referral_code_no_api_key" time="1.026" /><testcase classname="backend.tests.test_iteration4_mining.TestMiningProfiles" name="test_profiles_shape" time="0.490" /><testcase classname="backend.tests.test_iteration4_mining.TestMiningProfiles" name="test_each_profile_has_required_fields" time="0.133" /><testcase classname="backend.tests.test_iteration4_mining.TestMiningProfiles" name="test_coin_values[BTC-exp0]" time="0.140" /><testcase classname="backend.tests.test_iteration4_mining.TestMiningProfiles" name="test_coin_values[BCH-exp1]" time="0.199" /><testcase classname="backend.tests.test_iteration4_mining.TestMiningProfiles" name="test_coin_values[LTC-exp2]" time="0.128" /><testcase classname="backend.tests.test_iteration4_mining.TestMiningProfiles" name="test_coin_values[ZEC-exp3]" time="0.168" /><testcase classname="backend.tests.test_iteration4_mining.TestMiningProfiles" name="test_coin_values[ETC-exp4]" time="0.229" /><testcase classname="backend.tests.test_iteration4_mining.TestMiningProfiles" name="test_coin_values[RVN-exp5]" time="0.144" /><testcase classname="backend.tests.test_iteration4_mining.TestMiningProfiles" name="test_coin_values[DASH-exp6]" time="0.131" /><testcase classname="backend.tests.test_iteration4_mining.TestMiningProfiles" name="test_coin_values[KAS-exp7]" time="0.173" /><testcase classname="backend.tests.test_iteration4_mining.TestActiveSelect" name="test_default_btc" time="0.287" /><testcase classname="backend.tests.test_iteration4_mining.TestActiveSelect" name="test_admin_can_switch_coin" time="0.277" /><testcase classname="backend.tests.test_iteration4_mining.TestActiveSelect" name="test_invalid_coin_rejected" time="0.162" /><testcase classname="backend.tests.test_iteration4_mining.TestActiveSelect" name="test_non_admin_forbidden" time="0.515" /><testcase classname="backend.tests.test_iteration4_mining.TestMiningConfig" name="test_worker_id_format_and_fields" time="0.476" /><testcase classname="backend.tests.test_iteration4_mining.TestMiningConfig" name="test_tier_hashrate_multiplier_btc" time="1.600" /><testcase classname="backend.tests.test_iteration4_mining.TestMiningConfig" name="test_other_users_device_not_found" time="0.652" /><testcase classname="backend.tests.test_iteration4_mining.TestMiningConfig" name="test_admin_switch_propagates_to_workers" time="0.702" /><testcase classname="backend.tests.test_iteration4_mining.TestHeartbeatHashrate" name="test_heartbeat_accepts_and_persists" time="0.895"><failure message="AssertionError: Device not found in stats devices list&#10;assert None is not None">E   AssertionError: Device not found in stats devices list
    assert None is not None</failure></testcase><testcase classname="backend.tests.test_iteration4_mining.TestAdminStatsRevenue" name="test_stats_shape_and_aggregates_active" time="0.928" /><testcase classname="backend.tests.test_iteration4_mining.TestAdminStatsRevenue" name="test_revenue_math" time="0.403" /><testcase classname="backend.tests.test_iteration4_mining.TestAdminStatsRevenue" name="test_admin_endpoints_require_admin" time="0.250" /><testcase classname="backend.tests.test_iteration5_mode_kill_ws.TestMiningConfigShape" name="test_new_fields_present_and_polling_interval" time="2.755" /><testcase classname="backend.tests.test_iteration5_mode_kill_ws.TestModeRouting" name="test_baseline_when_auto_on_and_no_jobs" time="0.433" /><testcase classname="backend.tests.test_iteration5_mode_kill_ws.TestModeRouting" name="test_idle_after_kill_switch" time="0.725" /><testcase classname="backend.tests.test_iteration5_mode_kill_ws.TestModeRouting" name="test_enterprise_job_supersedes_kill" time="1.786" /><testcase classname="backend.tests.test_iteration5_mode_kill_ws.TestKillSwitchAuth" name="test_non_admin_cannot_kill" time="0.130" /><testcase classname="backend.tests.test_iteration5_mode_kill_ws.TestKillSwitchAuth" name="test_non_admin_cannot_resume" time="0.145" /><testcase classname="backend.tests.test_iteration5_mode_kill_ws.TestKillSwitchAuth" name="test_unauthenticated_cannot_kill" time="0.122" /><testcase classname="backend.tests.test_iteration5_mode_kill_ws.TestHeartbeatGeo" name="test_country_uppercase_and_lat_lng_persist" time="0.450" /><testcase classname="backend.tests.test_iteration5_mode_kill_ws.TestHeartbeatGeo" name="test_invalid_current_mode_does_not_crash_and_does_not_persist" time="0.591" /><testcase classname="backend.tests.test_iteration5_mode_kill_ws.TestAutoMiningDefault" name="test_auto_mining_default_true_means_baseline" time="0.622" /><testcase classname="backend.tests.test_iteration5_mode_kill_ws.TestWebSocketTelemetry" name="test_admin_receives_frame_within_5s" time="0.238" /><testcase classname="backend.tests.test_iteration5_mode_kill_ws.TestWebSocketTelemetry" name="test_worker_token_rejected_with_4401" time="0.163" /><testcase classname="backend.tests.test_iteration5_mode_kill_ws.TestWebSocketTelemetry" name="test_no_token_rejected" time="0.149" /><testcase classname="backend.tests.test_iteration6_tgc.TestWalletTGC" name="test_wallet_returns_tgc_fields" time="1.031" /><testcase classname="backend.tests.test_iteration6_tgc.TestPowerUp" name="test_power_up_first_then_already_active" time="0.306" /><testcase classname="backend.tests.test_iteration6_tgc.TestPowerUp" name="test_power_up_status" time="0.133" /><testcase classname="backend.tests.test_iteration6_tgc.TestTierForecast" name="test_tier_forecast[flagship-6.0-0.3]" time="0.161" /><testcase classname="backend.tests.test_iteration6_tgc.TestTierForecast" name="test_tier_forecast[mid-3.6-0.18]" time="0.140" /><testcase classname="backend.tests.test_iteration6_tgc.TestTierForecast" name="test_tier_forecast[budget-2.0-0.1]" time="0.140" /><testcase classname="backend.tests.test_iteration6_tgc.TestAdminShield" name="test_admin_shield_get" time="0.161" /><testcase classname="backend.tests.test_iteration6_tgc.TestAdminShield" name="test_admin_shield_set_halves_forecast" time="0.447" /><testcase classname="backend.tests.test_iteration6_tgc.TestAdminShield" name="test_admin_shield_rejects_non_admin" time="0.408" /><testcase classname="backend.tests.test_iteration6_tgc.TestTGCAccrual" name="test_accrual_with_power_up" time="1.054" /><testcase classname="backend.tests.test_iteration6_tgc.TestWithdraw" name="test_withdraw_below_threshold_rejected" time="0.202" /><testcase classname="backend.tests.test_iteration6_tgc.TestKillResume" name="test_kill_and_resume" time="0.849" /></testsuite></testsuites>