<?xml version="1.0" encoding="utf-8"?><testsuites name="pytest tests"><testsuite name="pytest" errors="0" failures="0" skipped="0" tests="19" time="17.985" timestamp="2026-05-14T20:59:25.019221+00:00" hostname="agent-env-908b3c0b-2459-4329-a3a2-ce44124f95b9"><testcase classname="backend.tests.test_iteration34_v150_bridge_apk.TestApkVersionV150" name="test_version_payload" time="0.596" /><testcase classname="backend.tests.test_iteration34_v150_bridge_apk.TestApkVersionV150" name="test_no_pool_secret_leak" time="0.395" /><testcase classname="backend.tests.test_iteration34_v150_bridge_apk.TestApkBinaryV150" name="test_apk_public_download" time="0.300" /><testcase classname="backend.tests.test_iteration34_v150_bridge_apk.TestMobileMiningConfigPostV150" name="test_auth_required" time="0.498" /><testcase classname="backend.tests.test_iteration34_v150_bridge_apk.TestMobileMiningConfigPostV150" name="test_session_payload_shape" time="2.920" /><testcase classname="backend.tests.test_iteration34_v150_bridge_apk.TestMobileMiningConfigPostV150" name="test_unknown_device_404" time="0.379" /><testcase classname="backend.tests.test_iteration34_v150_bridge_apk.TestAdminBridgeMetricsV150" name="test_admin_required" time="0.400" /><testcase classname="backend.tests.test_iteration34_v150_bridge_apk.TestAdminBridgeMetricsV150" name="test_worker_denied" time="0.340" /><testcase classname="backend.tests.test_iteration34_v150_bridge_apk.TestAdminBridgeMetricsV150" name="test_payload_shape" time="1.486" /><testcase classname="backend.tests.test_iteration34_v150_bridge_apk.TestAdminMobileMiningMetricsBridgeFieldV150" name="test_bridge_field_present" time="0.888" /><testcase classname="backend.tests.test_iteration34_v150_bridge_apk.TestMobileMiningWorkerWsV150" name="test_no_token_closes_4401" time="0.305" /><testcase classname="backend.tests.test_iteration34_v150_bridge_apk.TestMobileMiningWorkerWsV150" name="test_bad_token_closes_4401" time="0.478" /><testcase classname="backend.tests.test_iteration34_v150_bridge_apk.TestMobileMiningWorkerWsV150" name="test_bad_nonce_closes_4403" time="2.529" /><testcase classname="backend.tests.test_iteration34_v150_bridge_apk.TestRegressionV150" name="test_admin_login" time="1.352" /><testcase classname="backend.tests.test_iteration34_v150_bridge_apk.TestRegressionV150" name="test_worker_login" time="1.404" /><testcase classname="backend.tests.test_iteration34_v150_bridge_apk.TestRegressionV150" name="test_wallet" time="0.722" /><testcase classname="backend.tests.test_iteration34_v150_bridge_apk.TestRegressionV150" name="test_devices_heartbeat" time="0.990" /><testcase classname="backend.tests.test_iteration34_v150_bridge_apk.TestRegressionV150" name="test_node_drip" time="0.222" /><testcase classname="backend.tests.test_iteration34_v150_bridge_apk.TestRegressionV150" name="test_rewards_drop_current" time="0.803" /></testsuite></testsuites>