<?xml version="1.0" encoding="utf-8"?><testsuites name="pytest tests"><testsuite name="pytest" errors="0" failures="3" skipped="1" tests="265" time="609.219" timestamp="2026-05-09T17:51:18.251269+00:00" hostname="agent-env-908b3c0b-2459-4329-a3a2-ce44124f95b9"><testcase classname="backend.tests.test_grid_backend.TestAuth" name="test_register_returns_token_and_cookies" time="2.790" /><testcase classname="backend.tests.test_grid_backend.TestAuth" name="test_login_valid" time="2.509" /><testcase classname="backend.tests.test_grid_backend.TestAuth" name="test_login_invalid" time="1.805" /><testcase classname="backend.tests.test_grid_backend.TestAuth" name="test_me_with_bearer" time="2.777" /><testcase classname="backend.tests.test_grid_backend.TestAuth" name="test_devices_unauth" time="0.399" /><testcase classname="backend.tests.test_grid_backend.TestDevices" name="test_register_all_three_models" time="1.600" /><testcase classname="backend.tests.test_grid_backend.TestDevices" name="test_register_invalid_model" time="0.522" /><testcase classname="backend.tests.test_grid_backend.TestDevices" name="test_list_only_current_user" time="0.477" /><testcase classname="backend.tests.test_grid_backend.TestDevices" name="test_heartbeat_eligible" time="0.403" /><testcase classname="backend.tests.test_grid_backend.TestDevices" name="test_heartbeat_ineligible_when_any_false" time="1.413" /><testcase classname="backend.tests.test_grid_backend.TestTasks" name="test_request_requires_golden_rule" time="1.005" /><testcase classname="backend.tests.test_grid_backend.TestTasks" name="test_matrix_and_hash_verified" time="7.001" /><testcase classname="backend.tests.test_grid_backend.TestTasks" name="test_incorrect_result_rejected" time="1.198" /><testcase classname="backend.tests.test_grid_backend.TestTasks" name="test_fraud_shield_flags_on_fast_correct" time="5.700" /><testcase classname="backend.tests.test_grid_backend.TestWallet" name="test_wallet_structure" time="0.398" /><testcase classname="backend.tests.test_grid_backend.TestWallet" name="test_withdraw_below_threshold" time="0.404" /><testcase classname="backend.tests.test_grid_backend.TestWallet" name="test_withdraw_success_when_bumped" time="0.000"><skipped type="pytest.skip" message="Requires direct DB bump; covered by threshold test above">/app/backend/tests/test_grid_backend.py:345: Requires direct DB bump; covered by threshold test above</skipped></testcase><testcase classname="backend.tests.test_grid_backend.TestStats" name="test_network_stats" time="0.494" /><testcase classname="backend.tests.test_grid_backend.TestAdmin" name="test_non_admin_forbidden" time="2.225" /><testcase classname="backend.tests.test_grid_backend.TestAdmin" name="test_admin_can_access" time="4.175" /><testcase classname="backend.tests.test_grid_backend.TestAdmin" name="test_admin_flag_and_unflag" time="1.099" /><testcase classname="backend.tests.test_grid_backend.TestAdmin" name="test_non_admin_cannot_approve_payout" time="0.519" /><testcase classname="backend.tests.test_iteration10_v124_hardening.TestPoolHealthPublic" name="test_pool_health_no_auth" time="0.495" /><testcase classname="backend.tests.test_iteration10_v124_hardening.TestPoolHealthPublic" name="test_pool_health_message_stealth" time="0.404" /><testcase classname="backend.tests.test_iteration10_v124_hardening.TestAdminPoolStatus" name="test_admin_pool_status_requires_auth" time="0.394" /><testcase classname="backend.tests.test_iteration10_v124_hardening.TestAdminPoolStatus" name="test_admin_pool_status_rejects_user_token" time="3.204" /><testcase classname="backend.tests.test_iteration10_v124_hardening.TestAdminPoolStatus" name="test_admin_pool_status_with_admin" time="2.099" /><testcase classname="backend.tests.test_iteration10_v124_hardening.TestAdminPoolStatus" name="test_admin_pool_status_url_redacted" time="0.323" /><testcase classname="backend.tests.test_iteration10_v124_hardening.TestApkV124" name="test_apk_version_endpoint" time="0.407" /><testcase classname="backend.tests.test_iteration10_v124_hardening.TestApkV124" name="test_apk_head_returns_content_length" time="0.782" /><testcase classname="backend.tests.test_iteration10_v124_hardening.TestHashrateCap" name="test_heartbeat_clamps_insanely_high_hashrate" time="2.405" /><testcase classname="backend.tests.test_iteration10_v124_hardening.TestHashrateCap" name="test_heartbeat_normal_hashrate_not_clamped" time="1.309" /><testcase classname="backend.tests.test_iteration10_v124_hardening.TestHashrateCap" name="test_heartbeat_negative_hashrate_clamped_to_zero" time="1.303" /><testcase classname="backend.tests.test_iteration10_v124_hardening.TestRedactStratumUrl" name="test_redact_strips_userinfo_and_query" time="0.001" /><testcase classname="backend.tests.test_iteration10_v124_hardening.TestRedactStratumUrl" name="test_redact_no_userinfo_passthrough" time="0.000" /><testcase classname="backend.tests.test_iteration10_v124_hardening.TestRedactStratumUrl" name="test_redact_strips_fragment" time="0.000" /><testcase classname="backend.tests.test_iteration10_v124_hardening.TestRedactStratumUrl" name="test_redact_none_and_empty" time="0.000" /><testcase classname="backend.tests.test_iteration11_pool_injection.TestAdminPoolStatus" name="test_requires_admin" time="0.400" /><testcase classname="backend.tests.test_iteration11_pool_injection.TestAdminPoolStatus" name="test_worker_rejected" time="2.880" /><testcase classname="backend.tests.test_iteration11_pool_injection.TestAdminPoolStatus" name="test_full_state" time="2.498" /><testcase classname="backend.tests.test_iteration11_pool_injection.TestAdminPoolStatus" name="test_classes_have_all_11_coins_and_correct_algos" time="0.422" /><testcase classname="backend.tests.test_iteration11_pool_injection.TestAdminPoolStatus" name="test_each_class_connected_authorized_no_error" time="0.482" /><testcase classname="backend.tests.test_iteration11_pool_injection.TestAdminPoolStatus" name="test_no_password_leak" time="0.414" /><testcase classname="backend.tests.test_iteration11_pool_injection.TestAdminPoolStatus" name="test_urls_redacted" time="0.380" /><testcase classname="backend.tests.test_iteration11_pool_injection.TestPublicPoolHealthStealth" name="test_no_auth_required" time="0.398" /><testcase classname="backend.tests.test_iteration11_pool_injection.TestPublicPoolHealthStealth" name="test_message_compute_network_live" time="0.414" /><testcase classname="backend.tests.test_iteration11_pool_injection.TestPublicPoolHealthStealth" name="test_only_safe_keys" time="0.481" /><testcase classname="backend.tests.test_iteration11_pool_injection.TestPublicPoolHealthStealth" name="test_no_leak_tokens_in_payload" time="0.421" /><testcase classname="backend.tests.test_iteration11_pool_injection.TestHeartbeatWorkerName" name="test_real_apk_heartbeat_worker_name_format" time="1.403" /><testcase classname="backend.tests.test_iteration11_pool_injection.TestApkV125" name="test_apk_version" time="0.312" /><testcase classname="backend.tests.test_iteration11_pool_injection.TestApkV125" name="test_apk_head" time="0.803" /><testcase classname="backend.tests.test_iteration11_pool_injection.TestPoolProxyModule" name="test_redact_function_imports" time="0.000" /><testcase classname="backend.tests.test_iteration11_pool_injection.TestPoolProxyModule" name="test_backcompat_exports" time="0.000" /><testcase classname="backend.tests.test_iteration11_pool_injection.TestFrontendLandingStealth" name="test_landing_html_no_leak" time="0.482" /><testcase classname="backend.tests.test_iteration12_stratum_link.TestApkV126" name="test_apk_version_metadata" time="0.399" /><testcase classname="backend.tests.test_iteration12_stratum_link.TestApkV126" name="test_apk_head" time="0.817" /><testcase classname="backend.tests.test_iteration12_stratum_link.TestHeartbeatStratumLinked" name="test_stratum_linked_true_persists" time="6.482" /><testcase classname="backend.tests.test_iteration12_stratum_link.TestHeartbeatStratumLinked" name="test_stratum_linked_false_persists" time="1.499" /><testcase classname="backend.tests.test_iteration12_stratum_link.TestHeartbeatStratumLinked" name="test_omit_stratum_linked_keeps_value" time="1.820" /><testcase classname="backend.tests.test_iteration12_stratum_link.TestAdminDevicesLive" name="test_per_row_has_stratum_fields" time="1.475" /><testcase classname="backend.tests.test_iteration12_stratum_link.TestAdminDevicesLive" name="test_counters_include_stratum_split" time="0.796" /><testcase classname="backend.tests.test_iteration12_stratum_link.TestAdminTelemetry" name="test_telemetry_has_stratum_split" time="0.390" /><testcase classname="backend.tests.test_iteration12_stratum_link.TestWipeDemoEndpoint" name="test_requires_admin_no_token" time="0.501" /><testcase classname="backend.tests.test_iteration12_stratum_link.TestWipeDemoEndpoint" name="test_requires_admin_worker_rejected" time="0.422" /><testcase classname="backend.tests.test_iteration12_stratum_link.TestWipeDemoEndpoint" name="test_wipe_demo_contract_and_preserves_real" time="2.497" /><testcase classname="backend.tests.test_iteration13_backend_miner.TestBackendMinerStatus" name="test_requires_auth" time="0.565" /><testcase classname="backend.tests.test_iteration13_backend_miner.TestBackendMinerStatus" name="test_returns_200_with_admin" time="2.500" /><testcase classname="backend.tests.test_iteration13_backend_miner.TestBackendMinerStatus" name="test_user_format_payout_address" time="0.416" /><testcase classname="backend.tests.test_iteration13_backend_miner.TestBackendMinerStatus" name="test_connected_authorized_running_within_30s" time="0.583" /><testcase classname="backend.tests.test_iteration13_backend_miner.TestBackendMinerStatus" name="test_hashrate_positive_and_job_received" time="0.499" /><testcase classname="backend.tests.test_iteration13_backend_miner.TestBackendMinerRestart" name="test_requires_auth" time="0.321" /><testcase classname="backend.tests.test_iteration13_backend_miner.TestBackendMinerRestart" name="test_worker_forbidden" time="2.427" /><testcase classname="backend.tests.test_iteration13_backend_miner.TestBackendMinerRestart" name="test_admin_restart_returns_status" time="3.974" /><testcase classname="backend.tests.test_iteration13_backend_miner.TestApkV134" name="test_apk_version_metadata" time="0.316" /><testcase classname="backend.tests.test_iteration13_backend_miner.TestApkV134" name="test_apk_download_size" time="0.898" /><testcase classname="backend.tests.test_iteration13_backend_miner.TestPoolRegression" name="test_admin_external_pool" time="1.182" /><testcase classname="backend.tests.test_iteration13_backend_miner.TestPoolRegression" name="test_admin_external_pool_history" time="0.400" /><testcase classname="backend.tests.test_iteration13_backend_miner.TestPoolRegression" name="test_admin_external_pool_snippet" time="0.321" /><testcase classname="backend.tests.test_iteration13_backend_miner.TestPoolRegression" name="test_admin_pool_status" time="0.576" /><testcase classname="backend.tests.test_iteration13_backend_miner.TestPoolRegression" name="test_public_pool_health" time="0.421" /><testcase classname="backend.tests.test_iteration13_backend_miner.TestCoreRegression" name="test_admin_login" time="1.980" /><testcase classname="backend.tests.test_iteration13_backend_miner.TestCoreRegression" name="test_worker_login" time="1.820" /><testcase classname="backend.tests.test_iteration13_backend_miner.TestCoreRegression" name="test_admin_devices_live" time="0.717" /><testcase classname="backend.tests.test_iteration13_backend_miner.TestCoreRegression" name="test_heartbeat" time="1.084" /><testcase classname="backend.tests.test_iteration14_weapon_v135.TestRandomXMiner" name="test_status_unauth_rejected" time="0.420" /><testcase classname="backend.tests.test_iteration14_weapon_v135.TestRandomXMiner" name="test_status_worker_forbidden" time="2.300" /><testcase classname="backend.tests.test_iteration14_weapon_v135.TestRandomXMiner" name="test_status_admin_payload" time="2.291" /><testcase classname="backend.tests.test_iteration14_weapon_v135.TestRandomXMiner" name="test_hashrate_within_warmup_window" time="0.581" /><testcase classname="backend.tests.test_iteration14_weapon_v135.TestRandomXMiner" name="test_restart_admin" time="0.800" /><testcase classname="backend.tests.test_iteration14_weapon_v135.TestRandomXMiner" name="test_restart_unauth" time="0.404" /><testcase classname="backend.tests.test_iteration14_weapon_v135.TestRandomXMiner" name="test_restart_worker_forbidden" time="0.582" /><testcase classname="backend.tests.test_iteration14_weapon_v135.TestBackendMinerRegression" name="test_status_admin" time="0.498" /><testcase classname="backend.tests.test_iteration14_weapon_v135.TestTelegram" name="test_status_unauth" time="0.326" /><testcase classname="backend.tests.test_iteration14_weapon_v135.TestTelegram" name="test_status_admin_unconfigured" time="0.474" /><testcase classname="backend.tests.test_iteration14_weapon_v135.TestTelegram" name="test_test_admin_fail_closed" time="0.399" /><testcase classname="backend.tests.test_iteration14_weapon_v135.TestAPKv135" name="test_apk_version_metadata" time="0.317"><failure message="AssertionError: 1.3.7&#10;assert '1.3.7' == '1.3.5'&#10;  &#10;  - 1.3.5&#10;  ?     ^&#10;  + 1.3.7&#10;  ?     ^">E   AssertionError: 1.3.7
    assert '1.3.7' == '1.3.5'
      
      - 1.3.5
      ?     ^
      + 1.3.7
      ?     ^</failure></testcase><testcase classname="backend.tests.test_iteration14_weapon_v135.TestAPKv135" name="test_apk_download" time="0.401" /><testcase classname="backend.tests.test_iteration14_weapon_v135.TestDevicesWipe" name="test_wipe_all_fake_unauth" time="0.399" /><testcase classname="backend.tests.test_iteration14_weapon_v135.TestDevicesWipe" name="test_wipe_all_fake_worker_forbidden" time="0.357" /><testcase classname="backend.tests.test_iteration14_weapon_v135.TestDevicesWipe" name="test_wipe_all_fake_admin" time="5.318" /><testcase classname="backend.tests.test_iteration14_weapon_v135.TestRegression" name="test_external_pool" time="1.100" /><testcase classname="backend.tests.test_iteration14_weapon_v135.TestRegression" name="test_external_pool_history" time="0.681" /><testcase classname="backend.tests.test_iteration14_weapon_v135.TestRegression" name="test_external_pool_snippet" time="0.397" /><testcase classname="backend.tests.test_iteration14_weapon_v135.TestRegression" name="test_admin_pool_status" time="0.418" /><testcase classname="backend.tests.test_iteration14_weapon_v135.TestRegression" name="test_public_pool_health" time="0.781" /><testcase classname="backend.tests.test_iteration14_weapon_v135.TestRegression" name="test_admin_devices_live" time="0.400" /><testcase classname="backend.tests.test_iteration14_weapon_v135.TestRegression" name="test_admin_telemetry" time="0.899" /><testcase classname="backend.tests.test_iteration14_weapon_v135.TestRegression" name="test_devices_heartbeat" time="1.102" /><testcase classname="backend.tests.test_iteration14_weapon_v135.TestRegression" name="test_admin_login" time="1.852" /><testcase classname="backend.tests.test_iteration14_weapon_v135.TestRegression" name="test_worker_login" time="2.599" /><testcase classname="backend.tests.test_iteration16_v137_native_mobile.TestApkVersion" name="test_version_137" time="0.420" /><testcase classname="backend.tests.test_iteration16_v137_native_mobile.TestApkVersion" name="test_no_secret_leakage_in_release_notes" time="0.479" /><testcase classname="backend.tests.test_iteration16_v137_native_mobile.TestApkBinary" name="test_apk_binary_served" time="0.500" /><testcase classname="backend.tests.test_iteration16_v137_native_mobile.TestHeartbeatNativeFields" name="test_anti_spoof_native_pow_without_lib" time="3.099" /><testcase classname="backend.tests.test_iteration16_v137_native_mobile.TestHeartbeatNativeFields" name="test_honest_native_mining_counted" time="0.801" /><testcase classname="backend.tests.test_iteration16_v137_native_mobile.TestHeartbeatNativeFields" name="test_hashrate_clamp_to_1500" time="1.300" /><testcase classname="backend.tests.test_iteration16_v137_native_mobile.TestHeartbeatNativeFields" name="test_mining_status_enum_normalization" time="0.898" /><testcase classname="backend.tests.test_iteration16_v137_native_mobile.TestMobileMiningMetrics" name="test_requires_admin_auth" time="0.600" /><testcase classname="backend.tests.test_iteration16_v137_native_mobile.TestMobileMiningMetrics" name="test_admin_payload_shape" time="2.700" /><testcase classname="backend.tests.test_iteration16_v137_native_mobile.TestMobileMiningMetrics" name="test_anti_spoofed_device_not_counted" time="1.302" /><testcase classname="backend.tests.test_iteration16_v137_native_mobile.TestRegressionEndpoints" name="test_admin_external_pool" time="0.796" /><testcase classname="backend.tests.test_iteration16_v137_native_mobile.TestRegressionEndpoints" name="test_admin_console_snapshot" time="0.224" /><testcase classname="backend.tests.test_iteration16_v137_native_mobile.TestRegressionEndpoints" name="test_admin_randomx_miner_status" time="0.374" /><testcase classname="backend.tests.test_iteration16_v137_native_mobile.TestRegressionEndpoints" name="test_admin_backend_miner_status" time="0.121" /><testcase classname="backend.tests.test_iteration16_v137_native_mobile.TestRegressionEndpoints" name="test_admin_telegram_status" time="0.278" /><testcase classname="backend.tests.test_iteration2_customer_jobs.TestRegisterRoles" name="test_register_customer" time="2.217" /><testcase classname="backend.tests.test_iteration2_customer_jobs.TestRegisterRoles" name="test_register_user_default" time="2.404" /><testcase classname="backend.tests.test_iteration2_customer_jobs.TestRegisterRoles" name="test_register_admin_self_assign_blocked" time="1.679" /><testcase classname="backend.tests.test_iteration2_customer_jobs.TestRegisterRoles" name="test_customer_login_routes_role" time="4.198" /><testcase classname="backend.tests.test_iteration2_customer_jobs.TestJobsCRUD" name="test_create_job_pending_with_rate" time="2.743" /><testcase classname="backend.tests.test_iteration2_customer_jobs.TestJobsCRUD" name="test_list_jobs_only_owned" time="6.601" /><testcase classname="backend.tests.test_iteration2_customer_jobs.TestJobsCRUD" name="test_get_job_by_id_and_404_for_other" time="5.200" /><testcase classname="backend.tests.test_iteration2_customer_jobs.TestJobsCRUD" name="test_worker_cannot_create_job" time="2.822" /><testcase classname="backend.tests.test_iteration2_customer_jobs.TestAdminJobs" name="test_non_admin_cannot_list_admin_jobs" time="2.677" /><testcase classname="backend.tests.test_iteration2_customer_jobs.TestAdminJobs" name="test_admin_lists_all_jobs" time="4.599" /><testcase classname="backend.tests.test_iteration2_customer_jobs.TestAdminJobs" name="test_approve_pending_to_running" time="4.601" /><testcase classname="backend.tests.test_iteration2_customer_jobs.TestAdminJobs" name="test_reject_then_re_approve" time="5.097" /><testcase classname="backend.tests.test_iteration2_customer_jobs.TestWorkerJobBinding" name="test_no_running_jobs_task_has_null_job_id" time="1.399" /><testcase classname="backend.tests.test_iteration2_customer_jobs.TestWorkerJobBinding" name="test_matrix_workload_forces_matrix_kind" time="4.503" /><testcase classname="backend.tests.test_iteration2_customer_jobs.TestWorkerJobBinding" name="test_hash_workload_forces_hash_kind" time="5.108" /><testcase classname="backend.tests.test_iteration2_customer_jobs.TestWorkerJobBinding" name="test_incorrect_result_does_not_increment_job" time="5.804" /><testcase classname="backend.tests.test_iteration2_customer_jobs.TestGoldenFlow" name="test_full_customer_to_completion" time="8.900" /><testcase classname="backend.tests.test_iteration2_customer_jobs.TestAdminLedger" name="test_ledger_structure" time="1.198" /><testcase classname="backend.tests.test_iteration2_customer_jobs.TestAdminLedger" name="test_non_admin_cannot_see_ledger" time="2.881" /><testcase classname="backend.tests.test_iteration2_customer_jobs.TestDeviceHealth" name="test_heartbeat_persists_brand_os_thermal" time="1.826" /><testcase classname="backend.tests.test_iteration3_features.TestAPK" name="test_apk_version_metadata" time="2.999" /><testcase classname="backend.tests.test_iteration3_features.TestAPK" name="test_apk_track_download_counts_and_rate_limits" time="3.104" /><testcase classname="backend.tests.test_iteration3_features.TestAutoMining" name="test_get_auto_mining_admin_only" time="3.418" /><testcase classname="backend.tests.test_iteration3_features.TestAutoMining" name="test_set_auto_mining_persists" time="1.603" /><testcase classname="backend.tests.test_iteration3_features.TestAutoMining" name="test_worker_baseline_blocked_when_auto_mining_off" time="5.375" /><testcase classname="backend.tests.test_iteration3_features.TestAutoMining" name="test_worker_baseline_allowed_when_auto_mining_on" time="6.295" /><testcase classname="backend.tests.test_iteration3_features.TestHashrate" name="test_hashrate_structure" time="0.424" /><testcase classname="backend.tests.test_iteration3_features.TestHashrate" name="test_hashrate_admin_only" time="2.175" /><testcase classname="backend.tests.test_iteration3_features.TestPriority" name="test_create_job_default_priority_standard" time="2.602" /><testcase classname="backend.tests.test_iteration3_features.TestPriority" name="test_create_job_persists_priority_instant" time="3.300" /><testcase classname="backend.tests.test_iteration3_features.TestPriority" name="test_priority_multiplier_in_submit_response" time="11.900" /><testcase classname="backend.tests.test_iteration3_features.TestResultsExport" name="test_results_json_export" time="7.999" /><testcase classname="backend.tests.test_iteration3_features.TestResultsExport" name="test_results_csv_export" time="8.197" /><testcase classname="backend.tests.test_iteration3_features.TestResultsExport" name="test_results_export_other_customer_404" time="12.117" /><testcase classname="backend.tests.test_iteration3_features.TestApiKey" name="test_get_api_key_returns_existing_or_generated" time="3.307" /><testcase classname="backend.tests.test_iteration3_features.TestApiKey" name="test_regenerate_returns_new_key" time="3.574" /><testcase classname="backend.tests.test_iteration3_features.TestApiKey" name="test_worker_cannot_access_api_key" time="4.715" /><testcase classname="backend.tests.test_iteration3_features.TestReferrals" name="test_register_returns_referral_code" time="5.883" /><testcase classname="backend.tests.test_iteration3_features.TestReferrals" name="test_register_with_referral_links_referrer" time="10.199" /><testcase classname="backend.tests.test_iteration3_features.TestReferrals" name="test_referrals_endpoint_basic_structure" time="3.399" /><testcase classname="backend.tests.test_iteration3_features.TestReferrals" name="test_referral_share_card_svg" time="4.116" /><testcase classname="backend.tests.test_iteration3_features.TestReferrals" name="test_referral_commission_credited_on_verified_task" time="18.785" /><testcase classname="backend.tests.test_iteration3_features.TestBruteForceLockout" name="test_lockout_engages_on_5th_attempt" time="4.797" /><testcase classname="backend.tests.test_iteration3_features.TestBruteForceLockout" name="test_successful_login_clears_attempts" time="15.919" /><testcase classname="backend.tests.test_iteration3_features.TestLoginPayload" name="test_customer_login_includes_referral_code_and_api_key" time="5.368" /><testcase classname="backend.tests.test_iteration3_features.TestLoginPayload" name="test_worker_login_includes_referral_code_no_api_key" time="5.002" /><testcase classname="backend.tests.test_iteration4_mining.TestMiningProfiles" name="test_profiles_shape" time="2.820" /><testcase classname="backend.tests.test_iteration4_mining.TestMiningProfiles" name="test_each_profile_has_required_fields" time="0.395" /><testcase classname="backend.tests.test_iteration4_mining.TestMiningProfiles" name="test_coin_values[BTC-exp0]" time="0.404" /><testcase classname="backend.tests.test_iteration4_mining.TestMiningProfiles" name="test_coin_values[BCH-exp1]" time="0.302" /><testcase classname="backend.tests.test_iteration4_mining.TestMiningProfiles" name="test_coin_values[LTC-exp2]" time="1.493" /><testcase classname="backend.tests.test_iteration4_mining.TestMiningProfiles" name="test_coin_values[ZEC-exp3]" time="0.480" /><testcase classname="backend.tests.test_iteration4_mining.TestMiningProfiles" name="test_coin_values[ETC-exp4]" time="0.320" /><testcase classname="backend.tests.test_iteration4_mining.TestMiningProfiles" name="test_coin_values[RVN-exp5]" time="0.495" /><testcase classname="backend.tests.test_iteration4_mining.TestMiningProfiles" name="test_coin_values[DASH-exp6]" time="1.403" /><testcase classname="backend.tests.test_iteration4_mining.TestMiningProfiles" name="test_coin_values[KAS-exp7]" time="0.396" /><testcase classname="backend.tests.test_iteration4_mining.TestActiveSelect" name="test_default_btc" time="1.084" /><testcase classname="backend.tests.test_iteration4_mining.TestActiveSelect" name="test_admin_can_switch_coin" time="1.099" /><testcase classname="backend.tests.test_iteration4_mining.TestActiveSelect" name="test_invalid_coin_rejected" time="0.504" /><testcase classname="backend.tests.test_iteration4_mining.TestActiveSelect" name="test_non_admin_forbidden" time="2.313" /><testcase classname="backend.tests.test_iteration4_mining.TestMiningConfig" name="test_worker_id_format_and_fields" time="1.894" /><testcase classname="backend.tests.test_iteration4_mining.TestMiningConfig" name="test_tier_hashrate_multiplier_btc" time="7.788" /><testcase classname="backend.tests.test_iteration4_mining.TestMiningConfig" name="test_other_users_device_not_found" time="3.594" /><testcase classname="backend.tests.test_iteration4_mining.TestMiningConfig" name="test_admin_switch_propagates_to_workers" time="3.201" /><testcase classname="backend.tests.test_iteration4_mining.TestHeartbeatHashrate" name="test_heartbeat_accepts_and_persists" time="5.200" /><testcase classname="backend.tests.test_iteration4_mining.TestAdminStatsRevenue" name="test_stats_shape_and_aggregates_active" time="4.696" /><testcase classname="backend.tests.test_iteration4_mining.TestAdminStatsRevenue" name="test_revenue_math" time="2.602" /><testcase classname="backend.tests.test_iteration4_mining.TestAdminStatsRevenue" name="test_admin_endpoints_require_admin" time="0.800" /><testcase classname="backend.tests.test_iteration5_mode_kill_ws.TestMiningConfigShape" name="test_new_fields_present_and_polling_interval" time="13.428" /><testcase classname="backend.tests.test_iteration5_mode_kill_ws.TestModeRouting" name="test_baseline_when_auto_on_and_no_jobs" time="2.897" /><testcase classname="backend.tests.test_iteration5_mode_kill_ws.TestModeRouting" name="test_idle_after_kill_switch" time="5.901" /><testcase classname="backend.tests.test_iteration5_mode_kill_ws.TestModeRouting" name="test_enterprise_job_supersedes_kill" time="7.105" /><testcase classname="backend.tests.test_iteration5_mode_kill_ws.TestKillSwitchAuth" name="test_non_admin_cannot_kill" time="0.477" /><testcase classname="backend.tests.test_iteration5_mode_kill_ws.TestKillSwitchAuth" name="test_non_admin_cannot_resume" time="0.331" /><testcase classname="backend.tests.test_iteration5_mode_kill_ws.TestKillSwitchAuth" name="test_unauthenticated_cannot_kill" time="1.670" /><testcase classname="backend.tests.test_iteration5_mode_kill_ws.TestHeartbeatGeo" name="test_country_uppercase_and_lat_lng_persist" time="1.500" /><testcase classname="backend.tests.test_iteration5_mode_kill_ws.TestHeartbeatGeo" name="test_invalid_current_mode_does_not_crash_and_does_not_persist" time="0.633"><failure message="StopIteration">E   StopIteration</failure></testcase><testcase classname="backend.tests.test_iteration5_mode_kill_ws.TestAutoMiningDefault" name="test_auto_mining_default_true_means_baseline" time="1.898"><failure message="assert 404 == 200&#10; +  where 404 = &lt;Response [404]&gt;.status_code">E   assert 404 == 200
     +  where 404 = &lt;Response [404]&gt;.status_code</failure></testcase><testcase classname="backend.tests.test_iteration5_mode_kill_ws.TestWebSocketTelemetry" name="test_admin_receives_frame_within_5s" time="0.820" /><testcase classname="backend.tests.test_iteration5_mode_kill_ws.TestWebSocketTelemetry" name="test_worker_token_rejected_with_4401" time="0.479" /><testcase classname="backend.tests.test_iteration5_mode_kill_ws.TestWebSocketTelemetry" name="test_no_token_rejected" time="0.400" /><testcase classname="backend.tests.test_iteration6_tgc.TestWalletTGC" name="test_wallet_returns_tgc_fields" time="6.801" /><testcase classname="backend.tests.test_iteration6_tgc.TestPowerUp" name="test_power_up_first_then_already_active" time="2.299" /><testcase classname="backend.tests.test_iteration6_tgc.TestPowerUp" name="test_power_up_status" time="0.321" /><testcase classname="backend.tests.test_iteration6_tgc.TestTierForecast" name="test_tier_forecast[flagship-6.0-0.3]" time="0.378" /><testcase classname="backend.tests.test_iteration6_tgc.TestTierForecast" name="test_tier_forecast[mid-3.6-0.18]" time="1.728" /><testcase classname="backend.tests.test_iteration6_tgc.TestTierForecast" name="test_tier_forecast[budget-2.0-0.1]" time="0.501" /><testcase classname="backend.tests.test_iteration6_tgc.TestAdminShield" name="test_admin_shield_get" time="0.530" /><testcase classname="backend.tests.test_iteration6_tgc.TestAdminShield" name="test_admin_shield_set_halves_forecast" time="1.310" /><testcase classname="backend.tests.test_iteration6_tgc.TestAdminShield" name="test_admin_shield_rejects_non_admin" time="1.390" /><testcase classname="backend.tests.test_iteration6_tgc.TestTGCAccrual" name="test_accrual_with_power_up" time="7.520" /><testcase classname="backend.tests.test_iteration6_tgc.TestWithdraw" name="test_withdraw_below_threshold_rejected" time="2.584" /><testcase classname="backend.tests.test_iteration6_tgc.TestKillResume" name="test_kill_and_resume" time="5.382" /><testcase classname="backend.tests.test_iteration7_native_apk" name="test_native_device_register_idempotent" time="4.300" /><testcase classname="backend.tests.test_iteration7_native_apk" name="test_emulator_autoflag" time="2.523" /><testcase classname="backend.tests.test_iteration7_native_apk" name="test_heartbeat_native_fields" time="38.777" /><testcase classname="backend.tests.test_iteration7_native_apk" name="test_golden_rule_auto_stop[not_charging-signals0-not_charging]" time="2.700" /><testcase classname="backend.tests.test_iteration7_native_apk" name="test_golden_rule_auto_stop[not_on_wifi-signals1-not_on_wifi]" time="0.920" /><testcase classname="backend.tests.test_iteration7_native_apk" name="test_golden_rule_auto_stop[permission_off-signals2-permission_off]" time="2.777" /><testcase classname="backend.tests.test_iteration7_native_apk" name="test_golden_rule_auto_stop[over_temp-signals3-over_temp]" time="2.998" /><testcase classname="backend.tests.test_iteration7_native_apk" name="test_over_temp_marks_thermal_hot" time="1.303" /><testcase classname="backend.tests.test_iteration7_native_apk" name="test_worker_start_stop" time="1.499" /><testcase classname="backend.tests.test_iteration7_native_apk" name="test_worker_start_unknown_device_404" time="0.424" /><testcase classname="backend.tests.test_iteration7_native_apk" name="test_devices_me" time="0.493" /><testcase classname="backend.tests.test_iteration7_native_apk" name="test_admin_devices_live_real_only" time="3.282" /><testcase classname="backend.tests.test_iteration7_native_apk" name="test_admin_devices_live_filters" time="0.854" /><testcase classname="backend.tests.test_iteration7_native_apk" name="test_admin_telemetry" time="0.543" /><testcase classname="backend.tests.test_iteration7_native_apk" name="test_admin_endpoints_require_admin" time="0.702" /><testcase classname="backend.tests.test_iteration7_native_apk" name="test_suspicious_heartbeat_burst" time="7.703" /><testcase classname="backend.tests.test_iteration7_native_apk" name="test_apk_version_v1_2_0" time="0.591" /><testcase classname="backend.tests.test_iteration7_native_apk" name="test_apk_file_served" time="0.319" /><testcase classname="backend.tests.test_iteration7_supplement" name="test_cross_user_device_id_returns_409" time="5.180" /><testcase classname="backend.tests.test_iteration7_supplement" name="test_legacy_heartbeat_no_worker_state_active" time="1.296" /><testcase classname="backend.tests.test_iteration7_supplement" name="test_admin_shield_rejects_worker" time="0.400" /><testcase classname="backend.tests.test_iteration7_supplement" name="test_mining_config_baseline_compute" time="0.800" /><testcase classname="backend.tests.test_iteration8_stabilization" name="test_digest_schema" time="2.909" /><testcase classname="backend.tests.test_iteration8_stabilization" name="test_digest_power_up_warning_when_expired" time="0.481" /><testcase classname="backend.tests.test_iteration8_stabilization" name="test_compute_aliases_parity" time="4.898" /><testcase classname="backend.tests.test_iteration8_stabilization" name="test_compute_kill_resume_aliases" time="0.724" /><testcase classname="backend.tests.test_iteration8_stabilization" name="test_compute_aliases_require_admin" time="0.700" /><testcase classname="backend.tests.test_iteration8_stabilization" name="test_sliding_window_no_false_positive_on_single_burst" time="2.078" /><testcase classname="backend.tests.test_iteration8_stabilization" name="test_sliding_window_flags_persistent_burst" time="11.108" /><testcase classname="backend.tests.test_iteration8_stabilization" name="test_apk_v1_2_1_metadata" time="0.306" /><testcase classname="backend.tests.test_iteration8_stabilization" name="test_apk_v1_2_1_served" time="1.196" /><testcase classname="backend.tests.test_iteration8_stabilization" name="test_matrix_signature_known_seeds_are_deterministic[1-4]" time="0.001" /><testcase classname="backend.tests.test_iteration8_stabilization" name="test_matrix_signature_known_seeds_are_deterministic[12345-5]" time="0.001" /><testcase classname="backend.tests.test_iteration8_stabilization" name="test_matrix_signature_known_seeds_are_deterministic[10000000-6]" time="0.002" /><testcase classname="backend.tests.test_iteration8_stabilization" name="test_no_credentials_or_wallet_addresses_in_apk_release_notes" time="0.349" /><testcase classname="backend.tests.test_iteration9_pool_cleanup.TestPoolStatus" name="test_pool_status_unconfigured" time="2.844" /><testcase classname="backend.tests.test_iteration9_pool_cleanup.TestPoolStatus" name="test_pool_status_no_password_leak" time="0.416" /><testcase classname="backend.tests.test_iteration9_pool_cleanup.TestPoolStatus" name="test_pool_status_admin_only" time="1.983" /><testcase classname="backend.tests.test_iteration9_pool_cleanup.TestAdminDevicesLive" name="test_default_excludes_demo" time="1.002" /><testcase classname="backend.tests.test_iteration9_pool_cleanup.TestAdminDevicesLive" name="test_telemetry_show_demo" time="1.195" /><testcase classname="backend.tests.test_iteration9_pool_cleanup.TestWorkerControl" name="test_worker_start_sets_active_and_resets_session" time="1.399" /><testcase classname="backend.tests.test_iteration9_pool_cleanup.TestWorkerControl" name="test_worker_stop_sets_stopped_idle" time="0.499" /><testcase classname="backend.tests.test_iteration9_pool_cleanup.TestHeartbeatWorkerState" name="test_active_eligible" time="1.006" /><testcase classname="backend.tests.test_iteration9_pool_cleanup.TestHeartbeatWorkerState" name="test_paused_state" time="0.992" /><testcase classname="backend.tests.test_iteration9_pool_cleanup.TestHeartbeatWorkerState" name="test_stopped_state" time="1.008" /><testcase classname="backend.tests.test_iteration9_pool_cleanup.TestHeartbeatWorkerState" name="test_golden_rule_violation" time="0.992" /><testcase classname="backend.tests.test_iteration9_pool_cleanup.TestApkVersion" name="test_apk_version_v123_signed" time="1.523" /></testsuite></testsuites>