<?xml version="1.0" encoding="utf-8"?><testsuites name="pytest tests"><testsuite name="pytest" errors="0" failures="0" skipped="0" tests="21" time="35.783" timestamp="2026-05-12T18:49:54.576553+00:00" hostname="agent-env-908b3c0b-2459-4329-a3a2-ce44124f95b9"><testcase classname="backend.tests.test_iteration33_v150_contributor_drop.TestWalletBackfill" name="test_wallet_returns_new_keys_and_backfills_tickets" time="13.689" /><testcase classname="backend.tests.test_iteration33_v150_contributor_drop.TestWalletBackfill" name="test_wallet_backfill_is_idempotent" time="2.881" /><testcase classname="backend.tests.test_iteration33_v150_contributor_drop.TestWalletBackfill" name="test_node_drip_does_not_remint_for_same_milestone" time="2.493" /><testcase classname="backend.tests.test_iteration33_v150_contributor_drop.TestRewardsEndpoints" name="test_recent_winners_public_no_auth" time="0.498" /><testcase classname="backend.tests.test_iteration33_v150_contributor_drop.TestRewardsEndpoints" name="test_drop_current_shape" time="0.400" /><testcase classname="backend.tests.test_iteration33_v150_contributor_drop.TestRewardsEndpoints" name="test_drop_history_shape" time="0.495" /><testcase classname="backend.tests.test_iteration33_v150_contributor_drop.TestAdminDropLifecycle" name="test_admin_list_requires_admin" time="0.500" /><testcase classname="backend.tests.test_iteration33_v150_contributor_drop.TestAdminDropLifecycle" name="test_admin_create_drop" time="3.599" /><testcase classname="backend.tests.test_iteration33_v150_contributor_drop.TestAdminDropLifecycle" name="test_admin_create_duplicate_month_rejected" time="0.498" /><testcase classname="backend.tests.test_iteration33_v150_contributor_drop.TestAdminDropLifecycle" name="test_admin_get_drop_details" time="0.424" /><testcase classname="backend.tests.test_iteration33_v150_contributor_drop.TestAdminDropLifecycle" name="test_admin_freeze_drop" time="0.402" /><testcase classname="backend.tests.test_iteration33_v150_contributor_drop.TestAdminDropLifecycle" name="test_admin_freeze_already_frozen_400" time="0.297" /><testcase classname="backend.tests.test_iteration33_v150_contributor_drop.TestAdminDropLifecycle" name="test_admin_run_draw" time="0.602" /><testcase classname="backend.tests.test_iteration33_v150_contributor_drop.TestAdminDropLifecycle" name="test_admin_approve_winners" time="1.496" /><testcase classname="backend.tests.test_iteration33_v150_contributor_drop.TestAdminDropLifecycle" name="test_admin_mark_paid" time="1.201" /><testcase classname="backend.tests.test_iteration33_v150_contributor_drop.TestAdminDropLifecycle" name="test_admin_list_drops" time="0.600" /><testcase classname="backend.tests.test_iteration33_v150_contributor_drop.TestRegression" name="test_auth_me" time="0.495" /><testcase classname="backend.tests.test_iteration33_v150_contributor_drop.TestRegression" name="test_auth_refresh" time="0.401" /><testcase classname="backend.tests.test_iteration33_v150_contributor_drop.TestRegression" name="test_tier_forecast" time="2.698" /><testcase classname="backend.tests.test_iteration33_v150_contributor_drop.TestRegression" name="test_payout_address_validate" time="0.598" /><testcase classname="backend.tests.test_iteration33_v150_contributor_drop.TestRegression" name="test_admin_mobile_mining_metrics" time="0.701" /></testsuite></testsuites>