<?xml version="1.0" encoding="utf-8"?><testsuites name="pytest tests"><testsuite name="pytest" errors="0" failures="0" skipped="0" tests="19" time="7.972" timestamp="2026-05-08T20:27:04.546849+00:00" hostname="agent-env-908b3c0b-2459-4329-a3a2-ce44124f95b9"><testcase classname="tests.test_iteration13_backend_miner.TestBackendMinerStatus" name="test_requires_auth" time="0.233" /><testcase classname="tests.test_iteration13_backend_miner.TestBackendMinerStatus" name="test_returns_200_with_admin" time="1.002" /><testcase classname="tests.test_iteration13_backend_miner.TestBackendMinerStatus" name="test_user_format_payout_address" time="0.184" /><testcase classname="tests.test_iteration13_backend_miner.TestBackendMinerStatus" name="test_connected_authorized_running_within_30s" time="0.165" /><testcase classname="tests.test_iteration13_backend_miner.TestBackendMinerStatus" name="test_hashrate_positive_and_job_received" time="0.201" /><testcase classname="tests.test_iteration13_backend_miner.TestBackendMinerRestart" name="test_requires_auth" time="0.190" /><testcase classname="tests.test_iteration13_backend_miner.TestBackendMinerRestart" name="test_worker_forbidden" time="1.202" /><testcase classname="tests.test_iteration13_backend_miner.TestBackendMinerRestart" name="test_admin_restart_returns_status" time="0.443" /><testcase classname="tests.test_iteration13_backend_miner.TestApkV134" name="test_apk_version_metadata" time="0.180" /><testcase classname="tests.test_iteration13_backend_miner.TestApkV134" name="test_apk_download_size" time="0.125" /><testcase classname="tests.test_iteration13_backend_miner.TestPoolRegression" name="test_admin_external_pool" time="0.613" /><testcase classname="tests.test_iteration13_backend_miner.TestPoolRegression" name="test_admin_external_pool_history" time="0.255" /><testcase classname="tests.test_iteration13_backend_miner.TestPoolRegression" name="test_admin_external_pool_snippet" time="0.178" /><testcase classname="tests.test_iteration13_backend_miner.TestPoolRegression" name="test_admin_pool_status" time="0.215" /><testcase classname="tests.test_iteration13_backend_miner.TestPoolRegression" name="test_public_pool_health" time="0.259" /><testcase classname="tests.test_iteration13_backend_miner.TestCoreRegression" name="test_admin_login" time="0.765" /><testcase classname="tests.test_iteration13_backend_miner.TestCoreRegression" name="test_worker_login" time="0.714" /><testcase classname="tests.test_iteration13_backend_miner.TestCoreRegression" name="test_admin_devices_live" time="0.317" /><testcase classname="tests.test_iteration13_backend_miner.TestCoreRegression" name="test_heartbeat" time="0.565" /></testsuite></testsuites>