<?xml version="1.0" encoding="utf-8"?><testsuites name="pytest tests"><testsuite name="pytest" errors="0" failures="0" skipped="0" tests="18" time="6.675" timestamp="2026-05-06T19:56:41.191261+00:00" hostname="agent-env-908b3c0b-2459-4329-a3a2-ce44124f95b9"><testcase classname="tests.test_iteration7_native_apk" name="test_native_device_register_idempotent" time="0.677" /><testcase classname="tests.test_iteration7_native_apk" name="test_emulator_autoflag" time="0.228" /><testcase classname="tests.test_iteration7_native_apk" name="test_heartbeat_native_fields" time="0.293" /><testcase classname="tests.test_iteration7_native_apk" name="test_golden_rule_auto_stop[not_charging-signals0-not_charging]" time="0.327" /><testcase classname="tests.test_iteration7_native_apk" name="test_golden_rule_auto_stop[not_on_wifi-signals1-not_on_wifi]" time="0.271" /><testcase classname="tests.test_iteration7_native_apk" name="test_golden_rule_auto_stop[permission_off-signals2-permission_off]" time="0.301" /><testcase classname="tests.test_iteration7_native_apk" name="test_golden_rule_auto_stop[over_temp-signals3-over_temp]" time="0.279" /><testcase classname="tests.test_iteration7_native_apk" name="test_over_temp_marks_thermal_hot" time="0.399" /><testcase classname="tests.test_iteration7_native_apk" name="test_worker_start_stop" time="1.457" /><testcase classname="tests.test_iteration7_native_apk" name="test_worker_start_unknown_device_404" time="0.146" /><testcase classname="tests.test_iteration7_native_apk" name="test_devices_me" time="0.128" /><testcase classname="tests.test_iteration7_native_apk" name="test_admin_devices_live_real_only" time="0.509" /><testcase classname="tests.test_iteration7_native_apk" name="test_admin_devices_live_filters" time="0.319" /><testcase classname="tests.test_iteration7_native_apk" name="test_admin_telemetry" time="0.134" /><testcase classname="tests.test_iteration7_native_apk" name="test_admin_endpoints_require_admin" time="0.295" /><testcase classname="tests.test_iteration7_native_apk" name="test_suspicious_heartbeat_burst" time="0.576" /><testcase classname="tests.test_iteration7_native_apk" name="test_apk_version_v1_2_0" time="0.131" /><testcase classname="tests.test_iteration7_native_apk" name="test_apk_file_served" time="0.120" /></testsuite></testsuites>