<?xml version="1.0" encoding="utf-8"?><testsuites name="pytest tests"><testsuite name="pytest" errors="0" failures="0" skipped="0" tests="12" time="5.790" timestamp="2026-05-07T17:02:54.518358+00:00" hostname="agent-env-908b3c0b-2459-4329-a3a2-ce44124f95b9"><testcase classname="backend.tests.test_iteration9_pool_cleanup.TestPoolStatus" name="test_pool_status_unconfigured" time="0.715" /><testcase classname="backend.tests.test_iteration9_pool_cleanup.TestPoolStatus" name="test_pool_status_no_password_leak" time="0.152" /><testcase classname="backend.tests.test_iteration9_pool_cleanup.TestPoolStatus" name="test_pool_status_admin_only" time="0.529" /><testcase classname="backend.tests.test_iteration9_pool_cleanup.TestAdminDevicesLive" name="test_default_excludes_demo" time="0.573" /><testcase classname="backend.tests.test_iteration9_pool_cleanup.TestAdminDevicesLive" name="test_telemetry_show_demo" time="0.301" /><testcase classname="backend.tests.test_iteration9_pool_cleanup.TestWorkerControl" name="test_worker_start_sets_active_and_resets_session" time="0.352" /><testcase classname="backend.tests.test_iteration9_pool_cleanup.TestWorkerControl" name="test_worker_stop_sets_stopped_idle" time="0.143" /><testcase classname="backend.tests.test_iteration9_pool_cleanup.TestHeartbeatWorkerState" name="test_active_eligible" time="0.660" /><testcase classname="backend.tests.test_iteration9_pool_cleanup.TestHeartbeatWorkerState" name="test_paused_state" time="0.622" /><testcase classname="backend.tests.test_iteration9_pool_cleanup.TestHeartbeatWorkerState" name="test_stopped_state" time="0.750" /><testcase classname="backend.tests.test_iteration9_pool_cleanup.TestHeartbeatWorkerState" name="test_golden_rule_violation" time="0.647" /><testcase classname="backend.tests.test_iteration9_pool_cleanup.TestApkVersion" name="test_apk_version_v123_signed" time="0.141" /></testsuite></testsuites>