<?xml version="1.0" encoding="utf-8"?><testsuites name="pytest tests"><testsuite name="pytest" errors="0" failures="0" skipped="1" tests="68" time="144.087" timestamp="2026-05-05T20:27:28.946263+00:00" hostname="agent-env-908b3c0b-2459-4329-a3a2-ce44124f95b9"><testcase classname="backend.tests.test_grid_backend.TestAuth" name="test_register_returns_token_and_cookies" time="0.626" /><testcase classname="backend.tests.test_grid_backend.TestAuth" name="test_login_valid" time="0.379" /><testcase classname="backend.tests.test_grid_backend.TestAuth" name="test_login_invalid" time="0.410" /><testcase classname="backend.tests.test_grid_backend.TestAuth" name="test_me_with_bearer" time="0.511" /><testcase classname="backend.tests.test_grid_backend.TestAuth" name="test_devices_unauth" time="0.140" /><testcase classname="backend.tests.test_grid_backend.TestDevices" name="test_register_all_three_models" time="0.403" /><testcase classname="backend.tests.test_grid_backend.TestDevices" name="test_register_invalid_model" time="0.150" /><testcase classname="backend.tests.test_grid_backend.TestDevices" name="test_list_only_current_user" time="0.133" /><testcase classname="backend.tests.test_grid_backend.TestDevices" name="test_heartbeat_eligible" time="0.138" /><testcase classname="backend.tests.test_grid_backend.TestDevices" name="test_heartbeat_ineligible_when_any_false" time="0.407" /><testcase classname="backend.tests.test_grid_backend.TestTasks" name="test_request_requires_golden_rule" time="0.279" /><testcase classname="backend.tests.test_grid_backend.TestTasks" name="test_matrix_and_hash_verified" time="2.016" /><testcase classname="backend.tests.test_grid_backend.TestTasks" name="test_incorrect_result_rejected" time="0.293" /><testcase classname="backend.tests.test_grid_backend.TestTasks" name="test_fraud_shield_flags_on_fast_correct" time="0.714" /><testcase classname="backend.tests.test_grid_backend.TestWallet" name="test_wallet_structure" time="0.156" /><testcase classname="backend.tests.test_grid_backend.TestWallet" name="test_withdraw_below_threshold" time="0.143" /><testcase classname="backend.tests.test_grid_backend.TestWallet" name="test_withdraw_success_when_bumped" time="0.000"><skipped type="pytest.skip" message="Requires direct DB bump; covered by threshold test above">/app/backend/tests/test_grid_backend.py:338: Requires direct DB bump; covered by threshold test above</skipped></testcase><testcase classname="backend.tests.test_grid_backend.TestStats" name="test_network_stats" time="0.134" /><testcase classname="backend.tests.test_grid_backend.TestAdmin" name="test_non_admin_forbidden" time="0.579" /><testcase classname="backend.tests.test_grid_backend.TestAdmin" name="test_admin_can_access" time="0.931" /><testcase classname="backend.tests.test_grid_backend.TestAdmin" name="test_admin_flag_and_unflag" time="0.297" /><testcase classname="backend.tests.test_grid_backend.TestAdmin" name="test_non_admin_cannot_approve_payout" time="0.159" /><testcase classname="backend.tests.test_iteration2_customer_jobs.TestRegisterRoles" name="test_register_customer" time="0.381" /><testcase classname="backend.tests.test_iteration2_customer_jobs.TestRegisterRoles" name="test_register_user_default" time="0.374" /><testcase classname="backend.tests.test_iteration2_customer_jobs.TestRegisterRoles" name="test_register_admin_self_assign_blocked" time="0.409" /><testcase classname="backend.tests.test_iteration2_customer_jobs.TestRegisterRoles" name="test_customer_login_routes_role" time="0.783" /><testcase classname="backend.tests.test_iteration2_customer_jobs.TestJobsCRUD" name="test_create_job_pending_with_rate" time="0.513" /><testcase classname="backend.tests.test_iteration2_customer_jobs.TestJobsCRUD" name="test_list_jobs_only_owned" time="1.299" /><testcase classname="backend.tests.test_iteration2_customer_jobs.TestJobsCRUD" name="test_get_job_by_id_and_404_for_other" time="1.126" /><testcase classname="backend.tests.test_iteration2_customer_jobs.TestJobsCRUD" name="test_worker_cannot_create_job" time="0.796" /><testcase classname="backend.tests.test_iteration2_customer_jobs.TestAdminJobs" name="test_non_admin_cannot_list_admin_jobs" time="0.517" /><testcase classname="backend.tests.test_iteration2_customer_jobs.TestAdminJobs" name="test_admin_lists_all_jobs" time="1.043" /><testcase classname="backend.tests.test_iteration2_customer_jobs.TestAdminJobs" name="test_approve_pending_to_running" time="1.013" /><testcase classname="backend.tests.test_iteration2_customer_jobs.TestAdminJobs" name="test_reject_then_re_approve" time="1.368" /><testcase classname="backend.tests.test_iteration2_customer_jobs.TestWorkerJobBinding" name="test_no_running_jobs_task_has_null_job_id" time="0.604" /><testcase classname="backend.tests.test_iteration2_customer_jobs.TestWorkerJobBinding" name="test_matrix_workload_forces_matrix_kind" time="1.242" /><testcase classname="backend.tests.test_iteration2_customer_jobs.TestWorkerJobBinding" name="test_hash_workload_forces_hash_kind" time="1.351" /><testcase classname="backend.tests.test_iteration2_customer_jobs.TestWorkerJobBinding" name="test_incorrect_result_does_not_increment_job" time="1.349" /><testcase classname="backend.tests.test_iteration2_customer_jobs.TestGoldenFlow" name="test_full_customer_to_completion" time="2.835" /><testcase classname="backend.tests.test_iteration2_customer_jobs.TestAdminLedger" name="test_ledger_structure" time="0.134" /><testcase classname="backend.tests.test_iteration2_customer_jobs.TestAdminLedger" name="test_non_admin_cannot_see_ledger" time="0.593" /><testcase classname="backend.tests.test_iteration2_customer_jobs.TestDeviceHealth" name="test_heartbeat_persists_brand_os_thermal" time="0.420" /><testcase classname="backend.tests.test_iteration3_features.TestAPK" name="test_apk_version_metadata" time="11.813" /><testcase classname="backend.tests.test_iteration3_features.TestAPK" name="test_apk_track_download_counts_and_rate_limits" time="38.340" /><testcase classname="backend.tests.test_iteration3_features.TestAutoMining" name="test_get_auto_mining_admin_only" time="0.646" /><testcase classname="backend.tests.test_iteration3_features.TestAutoMining" name="test_set_auto_mining_persists" time="0.431" /><testcase classname="backend.tests.test_iteration3_features.TestAutoMining" name="test_worker_baseline_blocked_when_auto_mining_off" time="1.290" /><testcase classname="backend.tests.test_iteration3_features.TestAutoMining" name="test_worker_baseline_allowed_when_auto_mining_on" time="1.400" /><testcase classname="backend.tests.test_iteration3_features.TestHashrate" name="test_hashrate_structure" time="36.094" /><testcase classname="backend.tests.test_iteration3_features.TestHashrate" name="test_hashrate_admin_only" time="0.569" /><testcase classname="backend.tests.test_iteration3_features.TestPriority" name="test_create_job_default_priority_standard" time="0.573" /><testcase classname="backend.tests.test_iteration3_features.TestPriority" name="test_create_job_persists_priority_instant" time="0.716" /><testcase classname="backend.tests.test_iteration3_features.TestPriority" name="test_priority_multiplier_in_submit_response" time="2.715" /><testcase classname="backend.tests.test_iteration3_features.TestResultsExport" name="test_results_json_export" time="2.169" /><testcase classname="backend.tests.test_iteration3_features.TestResultsExport" name="test_results_csv_export" time="2.004" /><testcase classname="backend.tests.test_iteration3_features.TestResultsExport" name="test_results_export_other_customer_404" time="2.510" /><testcase classname="backend.tests.test_iteration3_features.TestApiKey" name="test_get_api_key_returns_existing_or_generated" time="0.664" /><testcase classname="backend.tests.test_iteration3_features.TestApiKey" name="test_regenerate_returns_new_key" time="0.788" /><testcase classname="backend.tests.test_iteration3_features.TestApiKey" name="test_worker_cannot_access_api_key" time="0.900" /><testcase classname="backend.tests.test_iteration3_features.TestReferrals" name="test_register_returns_referral_code" time="0.796" /><testcase classname="backend.tests.test_iteration3_features.TestReferrals" name="test_register_with_referral_links_referrer" time="1.452" /><testcase classname="backend.tests.test_iteration3_features.TestReferrals" name="test_referrals_endpoint_basic_structure" time="0.889" /><testcase classname="backend.tests.test_iteration3_features.TestReferrals" name="test_referral_share_card_svg" time="0.856" /><testcase classname="backend.tests.test_iteration3_features.TestReferrals" name="test_referral_commission_credited_on_verified_task" time="3.908" /><testcase classname="backend.tests.test_iteration3_features.TestBruteForceLockout" name="test_lockout_engages_on_5th_attempt" time="0.827" /><testcase classname="backend.tests.test_iteration3_features.TestBruteForceLockout" name="test_successful_login_clears_attempts" time="2.568" /><testcase classname="backend.tests.test_iteration3_features.TestLoginPayload" name="test_customer_login_includes_referral_code_and_api_key" time="0.722" /><testcase classname="backend.tests.test_iteration3_features.TestLoginPayload" name="test_worker_login_includes_referral_code_no_api_key" time="1.179" /></testsuite></testsuites>