<?xml version="1.0" encoding="utf-8"?><testsuites name="pytest tests"><testsuite name="pytest" errors="0" failures="7" skipped="1" tests="211" time="198.908" timestamp="2026-05-08T20:32:15.051237+00:00" hostname="agent-env-908b3c0b-2459-4329-a3a2-ce44124f95b9"><testcase classname="tests.test_grid_backend.TestAuth" name="test_register_returns_token_and_cookies" time="0.751" /><testcase classname="tests.test_grid_backend.TestAuth" name="test_login_valid" time="0.709" /><testcase classname="tests.test_grid_backend.TestAuth" name="test_login_invalid" time="0.672" /><testcase classname="tests.test_grid_backend.TestAuth" name="test_me_with_bearer" time="0.839" /><testcase classname="tests.test_grid_backend.TestAuth" name="test_devices_unauth" time="0.162" /><testcase classname="tests.test_grid_backend.TestDevices" name="test_register_all_three_models" time="0.609" /><testcase classname="tests.test_grid_backend.TestDevices" name="test_register_invalid_model" time="0.171" /><testcase classname="tests.test_grid_backend.TestDevices" name="test_list_only_current_user" time="0.257" /><testcase classname="tests.test_grid_backend.TestDevices" name="test_heartbeat_eligible" time="0.255" /><testcase classname="tests.test_grid_backend.TestDevices" name="test_heartbeat_ineligible_when_any_false" time="0.828" /><testcase classname="tests.test_grid_backend.TestTasks" name="test_request_requires_golden_rule" time="0.585" /><testcase classname="tests.test_grid_backend.TestTasks" name="test_matrix_and_hash_verified" time="2.445" /><testcase classname="tests.test_grid_backend.TestTasks" name="test_incorrect_result_rejected" time="0.632" /><testcase classname="tests.test_grid_backend.TestTasks" name="test_fraud_shield_flags_on_fast_correct" time="3.546" /><testcase classname="tests.test_grid_backend.TestWallet" name="test_wallet_structure" time="0.266" /><testcase classname="tests.test_grid_backend.TestWallet" name="test_withdraw_below_threshold" time="0.186" /><testcase classname="tests.test_grid_backend.TestWallet" name="test_withdraw_success_when_bumped" time="0.000"><skipped type="pytest.skip" message="Requires direct DB bump; covered by threshold test above">/app/backend/tests/test_grid_backend.py:345: Requires direct DB bump; covered by threshold test above</skipped></testcase><testcase classname="tests.test_grid_backend.TestStats" name="test_network_stats" time="0.266" /><testcase classname="tests.test_grid_backend.TestAdmin" name="test_non_admin_forbidden" time="0.844" /><testcase classname="tests.test_grid_backend.TestAdmin" name="test_admin_can_access" time="1.663" /><testcase classname="tests.test_grid_backend.TestAdmin" name="test_admin_flag_and_unflag" time="0.499" /><testcase classname="tests.test_grid_backend.TestAdmin" name="test_non_admin_cannot_approve_payout" time="0.226" /><testcase classname="tests.test_iteration10_v124_hardening.TestPoolHealthPublic" name="test_pool_health_no_auth" time="0.164" /><testcase classname="tests.test_iteration10_v124_hardening.TestPoolHealthPublic" name="test_pool_health_message_stealth" time="0.127" /><testcase classname="tests.test_iteration10_v124_hardening.TestAdminPoolStatus" name="test_admin_pool_status_requires_auth" time="0.150" /><testcase classname="tests.test_iteration10_v124_hardening.TestAdminPoolStatus" name="test_admin_pool_status_rejects_user_token" time="0.873" /><testcase classname="tests.test_iteration10_v124_hardening.TestAdminPoolStatus" name="test_admin_pool_status_with_admin" time="0.868" /><testcase classname="tests.test_iteration10_v124_hardening.TestAdminPoolStatus" name="test_admin_pool_status_url_redacted" time="0.185" /><testcase classname="tests.test_iteration10_v124_hardening.TestApkV124" name="test_apk_version_endpoint" time="0.213"><failure message="AssertionError: got 1.3.4&#10;assert False&#10; +  where False = &lt;built-in method startswith of str object at 0xfbe08c8677b0&gt;('1.2.')&#10; +    where &lt;built-in method startswith of str object at 0xfbe08c8677b0&gt; = '1.3.4'.startswith">self = &lt;test_iteration10_v124_hardening.TestApkV124 object at 0xfbe08c914950&gt;

    def test_apk_version_endpoint(self):
        r = requests.get(f"{BASE_URL}/api/apk/version", timeout=10)
        assert r.status_code == 200, r.text
        data = r.json()
        # Iter-11 bumped from 1.2.4 → 1.2.5; allow any 1.2.x
&gt;       assert data["version"].startswith("1.2."), f"got {data.get('version')}"
E       AssertionError: got 1.3.4
E       assert False
E        +  where False = &lt;built-in method startswith of str object at 0xfbe08c8677b0&gt;('1.2.')
E        +    where &lt;built-in method startswith of str object at 0xfbe08c8677b0&gt; = '1.3.4'.startswith

tests/test_iteration10_v124_hardening.py:151: AssertionError</failure></testcase><testcase classname="tests.test_iteration10_v124_hardening.TestApkV124" name="test_apk_head_returns_content_length" time="0.275"><failure message="AssertionError: content-length 33850 != 29754&#10;assert 33850 == 29754&#10; +  where 33850 = int('33850')">self = &lt;test_iteration10_v124_hardening.TestApkV124 object at 0xfbe08c914f90&gt;

    def test_apk_head_returns_content_length(self):
        # Use whatever the API currently advertises (iter-11: v1.2.5)
        v = requests.get(f"{BASE_URL}/api/apk/version", timeout=10).json()
        r = requests.head(f"{BASE_URL}{v['download_url']}",
                          allow_redirects=True, timeout=10)
        assert r.status_code == 200, r.status_code
        cl = r.headers.get("content-length") or r.headers.get("Content-Length")
        assert cl is not None
&gt;       assert int(cl) == 29754, f"content-length {cl} != 29754"
E       AssertionError: content-length 33850 != 29754
E       assert 33850 == 29754
E        +  where 33850 = int('33850')

tests/test_iteration10_v124_hardening.py:164: AssertionError</failure></testcase><testcase classname="tests.test_iteration10_v124_hardening.TestHashrateCap" name="test_heartbeat_clamps_insanely_high_hashrate" time="1.180" /><testcase classname="tests.test_iteration10_v124_hardening.TestHashrateCap" name="test_heartbeat_normal_hashrate_not_clamped" time="0.800" /><testcase classname="tests.test_iteration10_v124_hardening.TestHashrateCap" name="test_heartbeat_negative_hashrate_clamped_to_zero" time="0.751" /><testcase classname="tests.test_iteration10_v124_hardening.TestRedactStratumUrl" name="test_redact_strips_userinfo_and_query" time="0.001" /><testcase classname="tests.test_iteration10_v124_hardening.TestRedactStratumUrl" name="test_redact_no_userinfo_passthrough" time="0.000" /><testcase classname="tests.test_iteration10_v124_hardening.TestRedactStratumUrl" name="test_redact_strips_fragment" time="0.000" /><testcase classname="tests.test_iteration10_v124_hardening.TestRedactStratumUrl" name="test_redact_none_and_empty" time="0.000" /><testcase classname="tests.test_iteration11_pool_injection.TestAdminPoolStatus" name="test_requires_admin" time="0.162" /><testcase classname="tests.test_iteration11_pool_injection.TestAdminPoolStatus" name="test_worker_rejected" time="0.837" /><testcase classname="tests.test_iteration11_pool_injection.TestAdminPoolStatus" name="test_full_state" time="0.864"><failure message="AssertionError: assert 'Workers registered' in 'Shadow proxy is reporting per-worker hashrate via mining.submit_hashrate every 30s · workers display as ACTIVE in the Binance dashboard. Accepted shares require native KawPow / Scrypt / Etchash PoW (P2 backlog).'">self = &lt;test_iteration11_pool_injection.TestAdminPoolStatus object at 0xfbe08c922bd0&gt;
admin_token = 'eyJhbGciOiJIUzI1NiIsInR5cCI6IkpXVCJ9.eyJzdWIiOiI5NzExMTc5MC1jNDMzLTRmZTktOWJiYy01YmUzODIwODJkODEiLCJlbWFpbCI6ImFkbWlu...aWQuaW8iLCJyb2xlIjoiYWRtaW4iLCJleHAiOjE3NzgzNTg3NTgsInR5cGUiOiJhY2Nlc3MifQ.rqbpmXAhKZQOfN39Wv59-UJoDDzTnF3bou1PK6OHv94'

    def test_full_state(self, admin_token):
        r = requests.get(f"{BASE_URL}/api/admin/pool/status",
                         headers={"Authorization": f"Bearer {admin_token}"}, timeout=15)
        assert r.status_code == 200, r.text
        d = r.json()
        assert d["configured"] is True
        assert d["enabled"] is True
        assert d["total_classes"] == 11
        assert d["armed_count"] == 11
        assert d["all_armed"] is True
        assert d["pool_account"] == "117423210"
        assert d["pow_status"] == "native_pow_pending"
&gt;       assert "Workers registered" in d["pow_status_note"]
E       AssertionError: assert 'Workers registered' in 'Shadow proxy is reporting per-worker hashrate via mining.submit_hashrate every 30s · workers display as ACTIVE in the Binance dashboard. Accepted shares require native KawPow / Scrypt / Etchash PoW (P2 backlog).'

tests/test_iteration11_pool_injection.py:95: AssertionError</failure></testcase><testcase classname="tests.test_iteration11_pool_injection.TestAdminPoolStatus" name="test_classes_have_all_11_coins_and_correct_algos" time="0.173" /><testcase classname="tests.test_iteration11_pool_injection.TestAdminPoolStatus" name="test_each_class_connected_authorized_no_error" time="0.149" /><testcase classname="tests.test_iteration11_pool_injection.TestAdminPoolStatus" name="test_no_password_leak" time="0.183" /><testcase classname="tests.test_iteration11_pool_injection.TestAdminPoolStatus" name="test_urls_redacted" time="0.165" /><testcase classname="tests.test_iteration11_pool_injection.TestPublicPoolHealthStealth" name="test_no_auth_required" time="0.129" /><testcase classname="tests.test_iteration11_pool_injection.TestPublicPoolHealthStealth" name="test_message_compute_network_live" time="0.159" /><testcase classname="tests.test_iteration11_pool_injection.TestPublicPoolHealthStealth" name="test_only_safe_keys" time="0.191" /><testcase classname="tests.test_iteration11_pool_injection.TestPublicPoolHealthStealth" name="test_no_leak_tokens_in_payload" time="0.143" /><testcase classname="tests.test_iteration11_pool_injection.TestHeartbeatWorkerName" name="test_real_apk_heartbeat_worker_name_format" time="0.606" /><testcase classname="tests.test_iteration11_pool_injection.TestApkV125" name="test_apk_version" time="0.145"><failure message="AssertionError: got 1.3.4&#10;assert False&#10; +  where False = &lt;built-in method startswith of str object at 0xfbe08b5b5b30&gt;('1.2.')&#10; +    where &lt;built-in method startswith of str object at 0xfbe08b5b5b30&gt; = '1.3.4'.startswith">self = &lt;test_iteration11_pool_injection.TestApkV125 object at 0xfbe08c92e110&gt;

    def test_apk_version(self):
        r = requests.get(f"{BASE_URL}/api/apk/version", timeout=10)
        assert r.status_code == 200
        d = r.json()
        # Iter-12 bumped 1.2.5 → 1.2.6; accept any 1.2.x
&gt;       assert d["version"].startswith("1.2."), f"got {d.get('version')}"
E       AssertionError: got 1.3.4
E       assert False
E        +  where False = &lt;built-in method startswith of str object at 0xfbe08b5b5b30&gt;('1.2.')
E        +    where &lt;built-in method startswith of str object at 0xfbe08b5b5b30&gt; = '1.3.4'.startswith

tests/test_iteration11_pool_injection.py:221: AssertionError</failure></testcase><testcase classname="tests.test_iteration11_pool_injection.TestApkV125" name="test_apk_head" time="0.276"><failure message="AssertionError: assert 33850 == 29754&#10; +  where 33850 = int('33850')">self = &lt;test_iteration11_pool_injection.TestApkV125 object at 0xfbe08c92e450&gt;

    def test_apk_head(self):
        ver_resp = requests.get(f"{BASE_URL}/api/apk/version", timeout=10).json()
        url = ver_resp["download_url"]
        r = requests.head(f"{BASE_URL}{url}",
                          allow_redirects=True, timeout=10)
        assert r.status_code == 200
        cl = r.headers.get("content-length") or r.headers.get("Content-Length")
&gt;       assert int(cl) == 29754
E       AssertionError: assert 33850 == 29754
E        +  where 33850 = int('33850')

tests/test_iteration11_pool_injection.py:233: AssertionError</failure></testcase><testcase classname="tests.test_iteration11_pool_injection.TestPoolProxyModule" name="test_redact_function_imports" time="0.000" /><testcase classname="tests.test_iteration11_pool_injection.TestPoolProxyModule" name="test_backcompat_exports" time="0.000" /><testcase classname="tests.test_iteration11_pool_injection.TestFrontendLandingStealth" name="test_landing_html_no_leak" time="0.177" /><testcase classname="tests.test_iteration12_stratum_link.TestApkV126" name="test_apk_version_metadata" time="0.144"><failure message="AssertionError: version got 1.3.4&#10;assert '1.3.4' == '1.2.6'&#10;  &#10;  - 1.2.6&#10;  + 1.3.4">self = &lt;test_iteration12_stratum_link.TestApkV126 object at 0xfbe08c93e8d0&gt;

    def test_apk_version_metadata(self):
        r = requests.get(f"{BASE_URL}/api/apk/version", timeout=10)
        assert r.status_code == 200
        d = r.json()
&gt;       assert d["version"] == EXPECTED_VERSION, f"version got {d.get('version')}"
E       AssertionError: version got 1.3.4
E       assert '1.3.4' == '1.2.6'
E         
E         - 1.2.6
E         + 1.3.4

tests/test_iteration12_stratum_link.py:91: AssertionError</failure></testcase><testcase classname="tests.test_iteration12_stratum_link.TestApkV126" name="test_apk_head" time="0.187" /><testcase classname="tests.test_iteration12_stratum_link.TestHeartbeatStratumLinked" name="test_stratum_linked_true_persists" time="2.191" /><testcase classname="tests.test_iteration12_stratum_link.TestHeartbeatStratumLinked" name="test_stratum_linked_false_persists" time="1.378" /><testcase classname="tests.test_iteration12_stratum_link.TestHeartbeatStratumLinked" name="test_omit_stratum_linked_keeps_value" time="1.043" /><testcase classname="tests.test_iteration12_stratum_link.TestAdminDevicesLive" name="test_per_row_has_stratum_fields" time="0.706" /><testcase classname="tests.test_iteration12_stratum_link.TestAdminDevicesLive" name="test_counters_include_stratum_split" time="0.292" /><testcase classname="tests.test_iteration12_stratum_link.TestAdminTelemetry" name="test_telemetry_has_stratum_split" time="0.341" /><testcase classname="tests.test_iteration12_stratum_link.TestWipeDemoEndpoint" name="test_requires_admin_no_token" time="0.147" /><testcase classname="tests.test_iteration12_stratum_link.TestWipeDemoEndpoint" name="test_requires_admin_worker_rejected" time="0.188" /><testcase classname="tests.test_iteration12_stratum_link.TestWipeDemoEndpoint" name="test_wipe_demo_contract_and_preserves_real" time="1.124" /><testcase classname="tests.test_iteration13_backend_miner.TestBackendMinerStatus" name="test_requires_auth" time="0.150" /><testcase classname="tests.test_iteration13_backend_miner.TestBackendMinerStatus" name="test_returns_200_with_admin" time="0.799" /><testcase classname="tests.test_iteration13_backend_miner.TestBackendMinerStatus" name="test_user_format_payout_address" time="0.193" /><testcase classname="tests.test_iteration13_backend_miner.TestBackendMinerStatus" name="test_connected_authorized_running_within_30s" time="0.190" /><testcase classname="tests.test_iteration13_backend_miner.TestBackendMinerStatus" name="test_hashrate_positive_and_job_received" time="0.207" /><testcase classname="tests.test_iteration13_backend_miner.TestBackendMinerRestart" name="test_requires_auth" time="0.187" /><testcase classname="tests.test_iteration13_backend_miner.TestBackendMinerRestart" name="test_worker_forbidden" time="0.928" /><testcase classname="tests.test_iteration13_backend_miner.TestBackendMinerRestart" name="test_admin_restart_returns_status" time="0.716" /><testcase classname="tests.test_iteration13_backend_miner.TestApkV134" name="test_apk_version_metadata" time="0.103" /><testcase classname="tests.test_iteration13_backend_miner.TestApkV134" name="test_apk_download_size" time="0.109" /><testcase classname="tests.test_iteration13_backend_miner.TestPoolRegression" name="test_admin_external_pool" time="0.549" /><testcase classname="tests.test_iteration13_backend_miner.TestPoolRegression" name="test_admin_external_pool_history" time="0.241" /><testcase classname="tests.test_iteration13_backend_miner.TestPoolRegression" name="test_admin_external_pool_snippet" time="0.192" /><testcase classname="tests.test_iteration13_backend_miner.TestPoolRegression" name="test_admin_pool_status" time="0.185" /><testcase classname="tests.test_iteration13_backend_miner.TestPoolRegression" name="test_public_pool_health" time="0.164" /><testcase classname="tests.test_iteration13_backend_miner.TestCoreRegression" name="test_admin_login" time="0.701" /><testcase classname="tests.test_iteration13_backend_miner.TestCoreRegression" name="test_worker_login" time="0.753" /><testcase classname="tests.test_iteration13_backend_miner.TestCoreRegression" name="test_admin_devices_live" time="0.261" /><testcase classname="tests.test_iteration13_backend_miner.TestCoreRegression" name="test_heartbeat" time="0.527" /><testcase classname="tests.test_iteration2_customer_jobs.TestRegisterRoles" name="test_register_customer" time="0.658" /><testcase classname="tests.test_iteration2_customer_jobs.TestRegisterRoles" name="test_register_user_default" time="0.634" /><testcase classname="tests.test_iteration2_customer_jobs.TestRegisterRoles" name="test_register_admin_self_assign_blocked" time="0.702" /><testcase classname="tests.test_iteration2_customer_jobs.TestRegisterRoles" name="test_customer_login_routes_role" time="1.375" /><testcase classname="tests.test_iteration2_customer_jobs.TestJobsCRUD" name="test_create_job_pending_with_rate" time="0.937" /><testcase classname="tests.test_iteration2_customer_jobs.TestJobsCRUD" name="test_list_jobs_only_owned" time="2.147" /><testcase classname="tests.test_iteration2_customer_jobs.TestJobsCRUD" name="test_get_job_by_id_and_404_for_other" time="2.014" /><testcase classname="tests.test_iteration2_customer_jobs.TestJobsCRUD" name="test_worker_cannot_create_job" time="1.307" /><testcase classname="tests.test_iteration2_customer_jobs.TestAdminJobs" name="test_non_admin_cannot_list_admin_jobs" time="0.818" /><testcase classname="tests.test_iteration2_customer_jobs.TestAdminJobs" name="test_admin_lists_all_jobs" time="1.965" /><testcase classname="tests.test_iteration2_customer_jobs.TestAdminJobs" name="test_approve_pending_to_running" time="1.674" /><testcase classname="tests.test_iteration2_customer_jobs.TestAdminJobs" name="test_reject_then_re_approve" time="2.085" /><testcase classname="tests.test_iteration2_customer_jobs.TestWorkerJobBinding" name="test_no_running_jobs_task_has_null_job_id" time="0.913" /><testcase classname="tests.test_iteration2_customer_jobs.TestWorkerJobBinding" name="test_matrix_workload_forces_matrix_kind" time="2.239" /><testcase classname="tests.test_iteration2_customer_jobs.TestWorkerJobBinding" name="test_hash_workload_forces_hash_kind" time="2.356" /><testcase classname="tests.test_iteration2_customer_jobs.TestWorkerJobBinding" name="test_incorrect_result_does_not_increment_job" time="2.657" /><testcase classname="tests.test_iteration2_customer_jobs.TestGoldenFlow" name="test_full_customer_to_completion" time="4.797" /><testcase classname="tests.test_iteration2_customer_jobs.TestAdminLedger" name="test_ledger_structure" time="0.389" /><testcase classname="tests.test_iteration2_customer_jobs.TestAdminLedger" name="test_non_admin_cannot_see_ledger" time="0.826" /><testcase classname="tests.test_iteration2_customer_jobs.TestDeviceHealth" name="test_heartbeat_persists_brand_os_thermal" time="0.700" /><testcase classname="tests.test_iteration3_features.TestAPK" name="test_apk_version_metadata" time="1.064" /><testcase classname="tests.test_iteration3_features.TestAPK" name="test_apk_track_download_counts_and_rate_limits" time="1.452" /><testcase classname="tests.test_iteration3_features.TestAutoMining" name="test_get_auto_mining_admin_only" time="1.080" /><testcase classname="tests.test_iteration3_features.TestAutoMining" name="test_set_auto_mining_persists" time="0.624" /><testcase classname="tests.test_iteration3_features.TestAutoMining" name="test_worker_baseline_blocked_when_auto_mining_off" time="2.142" /><testcase classname="tests.test_iteration3_features.TestAutoMining" name="test_worker_baseline_allowed_when_auto_mining_on" time="2.189" /><testcase classname="tests.test_iteration3_features.TestHashrate" name="test_hashrate_structure" time="0.179" /><testcase classname="tests.test_iteration3_features.TestHashrate" name="test_hashrate_admin_only" time="0.816" /><testcase classname="tests.test_iteration3_features.TestPriority" name="test_create_job_default_priority_standard" time="0.880" /><testcase classname="tests.test_iteration3_features.TestPriority" name="test_create_job_persists_priority_instant" time="1.115" /><testcase classname="tests.test_iteration3_features.TestPriority" name="test_priority_multiplier_in_submit_response" time="5.389" /><testcase classname="tests.test_iteration3_features.TestResultsExport" name="test_results_json_export" time="3.649" /><testcase classname="tests.test_iteration3_features.TestResultsExport" name="test_results_csv_export" time="3.743" /><testcase classname="tests.test_iteration3_features.TestResultsExport" name="test_results_export_other_customer_404" time="4.513" /><testcase classname="tests.test_iteration3_features.TestApiKey" name="test_get_api_key_returns_existing_or_generated" time="1.077" /><testcase classname="tests.test_iteration3_features.TestApiKey" name="test_regenerate_returns_new_key" time="1.370" /><testcase classname="tests.test_iteration3_features.TestApiKey" name="test_worker_cannot_access_api_key" time="1.550" /><testcase classname="tests.test_iteration3_features.TestReferrals" name="test_register_returns_referral_code" time="1.056" /><testcase classname="tests.test_iteration3_features.TestReferrals" name="test_register_with_referral_links_referrer" time="2.488" /><testcase classname="tests.test_iteration3_features.TestReferrals" name="test_referrals_endpoint_basic_structure" time="1.408" /><testcase classname="tests.test_iteration3_features.TestReferrals" name="test_referral_share_card_svg" time="1.378" /><testcase classname="tests.test_iteration3_features.TestReferrals" name="test_referral_commission_credited_on_verified_task" time="6.314" /><testcase classname="tests.test_iteration3_features.TestBruteForceLockout" name="test_lockout_engages_on_5th_attempt" time="1.504" /><testcase classname="tests.test_iteration3_features.TestBruteForceLockout" name="test_successful_login_clears_attempts" time="4.680" /><testcase classname="tests.test_iteration3_features.TestLoginPayload" name="test_customer_login_includes_referral_code_and_api_key" time="1.350" /><testcase classname="tests.test_iteration3_features.TestLoginPayload" name="test_worker_login_includes_referral_code_no_api_key" time="1.931" /><testcase classname="tests.test_iteration4_mining.TestMiningProfiles" name="test_profiles_shape" time="0.895" /><testcase classname="tests.test_iteration4_mining.TestMiningProfiles" name="test_each_profile_has_required_fields" time="0.146" /><testcase classname="tests.test_iteration4_mining.TestMiningProfiles" name="test_coin_values[BTC-exp0]" time="0.156" /><testcase classname="tests.test_iteration4_mining.TestMiningProfiles" name="test_coin_values[BCH-exp1]" time="0.158" /><testcase classname="tests.test_iteration4_mining.TestMiningProfiles" name="test_coin_values[LTC-exp2]" time="0.153" /><testcase classname="tests.test_iteration4_mining.TestMiningProfiles" name="test_coin_values[ZEC-exp3]" time="0.172" /><testcase classname="tests.test_iteration4_mining.TestMiningProfiles" name="test_coin_values[ETC-exp4]" time="0.139" /><testcase classname="tests.test_iteration4_mining.TestMiningProfiles" name="test_coin_values[RVN-exp5]" time="0.144" /><testcase classname="tests.test_iteration4_mining.TestMiningProfiles" name="test_coin_values[DASH-exp6]" time="0.141" /><testcase classname="tests.test_iteration4_mining.TestMiningProfiles" name="test_coin_values[KAS-exp7]" time="0.206" /><testcase classname="tests.test_iteration4_mining.TestActiveSelect" name="test_default_btc" time="0.449" /><testcase classname="tests.test_iteration4_mining.TestActiveSelect" name="test_admin_can_switch_coin" time="0.394" /><testcase classname="tests.test_iteration4_mining.TestActiveSelect" name="test_invalid_coin_rejected" time="0.188" /><testcase classname="tests.test_iteration4_mining.TestActiveSelect" name="test_non_admin_forbidden" time="0.828" /><testcase classname="tests.test_iteration4_mining.TestMiningConfig" name="test_worker_id_format_and_fields" time="0.702" /><testcase classname="tests.test_iteration4_mining.TestMiningConfig" name="test_tier_hashrate_multiplier_btc" time="2.455" /><testcase classname="tests.test_iteration4_mining.TestMiningConfig" name="test_other_users_device_not_found" time="1.140" /><testcase classname="tests.test_iteration4_mining.TestMiningConfig" name="test_admin_switch_propagates_to_workers" time="1.366" /><testcase classname="tests.test_iteration4_mining.TestHeartbeatHashrate" name="test_heartbeat_accepts_and_persists" time="1.489" /><testcase classname="tests.test_iteration4_mining.TestAdminStatsRevenue" name="test_stats_shape_and_aggregates_active" time="1.615" /><testcase classname="tests.test_iteration4_mining.TestAdminStatsRevenue" name="test_revenue_math" time="0.767" /><testcase classname="tests.test_iteration4_mining.TestAdminStatsRevenue" name="test_admin_endpoints_require_admin" time="0.430" /><testcase classname="tests.test_iteration5_mode_kill_ws.TestMiningConfigShape" name="test_new_fields_present_and_polling_interval" time="4.804" /><testcase classname="tests.test_iteration5_mode_kill_ws.TestModeRouting" name="test_baseline_when_auto_on_and_no_jobs" time="0.794" /><testcase classname="tests.test_iteration5_mode_kill_ws.TestModeRouting" name="test_idle_after_kill_switch" time="13.290" /><testcase classname="tests.test_iteration5_mode_kill_ws.TestModeRouting" name="test_enterprise_job_supersedes_kill" time="3.246" /><testcase classname="tests.test_iteration5_mode_kill_ws.TestKillSwitchAuth" name="test_non_admin_cannot_kill" time="0.220" /><testcase classname="tests.test_iteration5_mode_kill_ws.TestKillSwitchAuth" name="test_non_admin_cannot_resume" time="0.170" /><testcase classname="tests.test_iteration5_mode_kill_ws.TestKillSwitchAuth" name="test_unauthenticated_cannot_kill" time="0.145" /><testcase classname="tests.test_iteration5_mode_kill_ws.TestHeartbeatGeo" name="test_country_uppercase_and_lat_lng_persist" time="0.718" /><testcase classname="tests.test_iteration5_mode_kill_ws.TestHeartbeatGeo" name="test_invalid_current_mode_does_not_crash_and_does_not_persist" time="0.977" /><testcase classname="tests.test_iteration5_mode_kill_ws.TestAutoMiningDefault" name="test_auto_mining_default_true_means_baseline" time="1.018" /><testcase classname="tests.test_iteration5_mode_kill_ws.TestWebSocketTelemetry" name="test_admin_receives_frame_within_5s" time="0.351" /><testcase classname="tests.test_iteration5_mode_kill_ws.TestWebSocketTelemetry" name="test_worker_token_rejected_with_4401" time="0.204" /><testcase classname="tests.test_iteration5_mode_kill_ws.TestWebSocketTelemetry" name="test_no_token_rejected" time="0.215" /><testcase classname="tests.test_iteration6_tgc.TestWalletTGC" name="test_wallet_returns_tgc_fields" time="1.911" /><testcase classname="tests.test_iteration6_tgc.TestPowerUp" name="test_power_up_first_then_already_active" time="0.453" /><testcase classname="tests.test_iteration6_tgc.TestPowerUp" name="test_power_up_status" time="0.315" /><testcase classname="tests.test_iteration6_tgc.TestTierForecast" name="test_tier_forecast[flagship-6.0-0.3]" time="0.210" /><testcase classname="tests.test_iteration6_tgc.TestTierForecast" name="test_tier_forecast[mid-3.6-0.18]" time="0.258" /><testcase classname="tests.test_iteration6_tgc.TestTierForecast" name="test_tier_forecast[budget-2.0-0.1]" time="0.267" /><testcase classname="tests.test_iteration6_tgc.TestAdminShield" name="test_admin_shield_get" time="0.262" /><testcase classname="tests.test_iteration6_tgc.TestAdminShield" name="test_admin_shield_set_halves_forecast" time="0.548" /><testcase classname="tests.test_iteration6_tgc.TestAdminShield" name="test_admin_shield_rejects_non_admin" time="0.516" /><testcase classname="tests.test_iteration6_tgc.TestTGCAccrual" name="test_accrual_with_power_up" time="1.830" /><testcase classname="tests.test_iteration6_tgc.TestWithdraw" name="test_withdraw_below_threshold_rejected" time="0.182" /><testcase classname="tests.test_iteration6_tgc.TestKillResume" name="test_kill_and_resume" time="0.696" /><testcase classname="tests.test_iteration7_native_apk" name="test_native_device_register_idempotent" time="1.282" /><testcase classname="tests.test_iteration7_native_apk" name="test_emulator_autoflag" time="0.279" /><testcase classname="tests.test_iteration7_native_apk" name="test_heartbeat_native_fields" time="0.536" /><testcase classname="tests.test_iteration7_native_apk" name="test_golden_rule_auto_stop[not_charging-signals0-not_charging]" time="0.497" /><testcase classname="tests.test_iteration7_native_apk" name="test_golden_rule_auto_stop[not_on_wifi-signals1-not_on_wifi]" time="0.483" /><testcase classname="tests.test_iteration7_native_apk" name="test_golden_rule_auto_stop[permission_off-signals2-permission_off]" time="0.489" /><testcase classname="tests.test_iteration7_native_apk" name="test_golden_rule_auto_stop[over_temp-signals3-over_temp]" time="0.547" /><testcase classname="tests.test_iteration7_native_apk" name="test_over_temp_marks_thermal_hot" time="0.748" /><testcase classname="tests.test_iteration7_native_apk" name="test_worker_start_stop" time="0.705" /><testcase classname="tests.test_iteration7_native_apk" name="test_worker_start_unknown_device_404" time="0.200" /><testcase classname="tests.test_iteration7_native_apk" name="test_devices_me" time="0.298" /><testcase classname="tests.test_iteration7_native_apk" name="test_admin_devices_live_real_only" time="0.971" /><testcase classname="tests.test_iteration7_native_apk" name="test_admin_devices_live_filters" time="0.435" /><testcase classname="tests.test_iteration7_native_apk" name="test_admin_telemetry" time="0.376" /><testcase classname="tests.test_iteration7_native_apk" name="test_admin_endpoints_require_admin" time="0.392" /><testcase classname="tests.test_iteration7_native_apk" name="test_suspicious_heartbeat_burst" time="4.060" /><testcase classname="tests.test_iteration7_native_apk" name="test_apk_version_v1_2_0" time="0.170" /><testcase classname="tests.test_iteration7_native_apk" name="test_apk_file_served" time="0.147" /><testcase classname="tests.test_iteration7_supplement" name="test_cross_user_device_id_returns_409" time="1.789" /><testcase classname="tests.test_iteration7_supplement" name="test_legacy_heartbeat_no_worker_state_active" time="0.487" /><testcase classname="tests.test_iteration7_supplement" name="test_admin_shield_rejects_worker" time="0.204" /><testcase classname="tests.test_iteration7_supplement" name="test_mining_config_baseline_compute" time="0.557" /><testcase classname="tests.test_iteration9_pool_cleanup.TestPoolStatus" name="test_pool_status_unconfigured" time="0.903" /><testcase classname="tests.test_iteration9_pool_cleanup.TestPoolStatus" name="test_pool_status_no_password_leak" time="0.164" /><testcase classname="tests.test_iteration9_pool_cleanup.TestPoolStatus" name="test_pool_status_admin_only" time="0.835" /><testcase classname="tests.test_iteration9_pool_cleanup.TestAdminDevicesLive" name="test_default_excludes_demo" time="0.553" /><testcase classname="tests.test_iteration9_pool_cleanup.TestAdminDevicesLive" name="test_telemetry_show_demo" time="0.803" /><testcase classname="tests.test_iteration9_pool_cleanup.TestWorkerControl" name="test_worker_start_sets_active_and_resets_session" time="0.543" /><testcase classname="tests.test_iteration9_pool_cleanup.TestWorkerControl" name="test_worker_stop_sets_stopped_idle" time="0.225" /><testcase classname="tests.test_iteration9_pool_cleanup.TestHeartbeatWorkerState" name="test_active_eligible" time="0.733" /><testcase classname="tests.test_iteration9_pool_cleanup.TestHeartbeatWorkerState" name="test_paused_state" time="0.751" /><testcase classname="tests.test_iteration9_pool_cleanup.TestHeartbeatWorkerState" name="test_stopped_state" time="0.779" /><testcase classname="tests.test_iteration9_pool_cleanup.TestHeartbeatWorkerState" name="test_golden_rule_violation" time="0.713" /><testcase classname="tests.test_iteration9_pool_cleanup.TestApkVersion" name="test_apk_version_v123_signed" time="0.755"><failure message="AssertionError: assert False&#10; +  where False = &lt;built-in method startswith of str object at 0xfbe089c8a6b0&gt;('1.2.')&#10; +    where &lt;built-in method startswith of str object at 0xfbe089c8a6b0&gt; = '1.3.4'.startswith">self = &lt;test_iteration9_pool_cleanup.TestApkVersion object at 0xfbe08c81b450&gt;

    def test_apk_version_v123_signed(self):
        r = requests.get(f"{API}/apk/version", timeout=10)
        assert r.status_code == 200
        body = r.json()
&gt;       assert body["version"].startswith("1.2.")  # 1.2.x family — auto-tracks bumps
        ^^^^^^^^^^^^^^^^^^^^^^^^^^^^^^^^^^^^^^^^^
E       AssertionError: assert False
E        +  where False = &lt;built-in method startswith of str object at 0xfbe089c8a6b0&gt;('1.2.')
E        +    where &lt;built-in method startswith of str object at 0xfbe089c8a6b0&gt; = '1.3.4'.startswith

tests/test_iteration9_pool_cleanup.py:207: AssertionError</failure></testcase></testsuite></testsuites>