<?xml version="1.0" encoding="utf-8"?><testsuites name="pytest tests"><testsuite name="pytest" errors="0" failures="0" skipped="0" tests="20" time="17.289" timestamp="2026-05-05T18:43:11.539690+00:00" hostname="agent-env-908b3c0b-2459-4329-a3a2-ce44124f95b9"><testcase classname="backend.tests.test_iteration2_customer_jobs.TestRegisterRoles" name="test_register_customer" time="0.468" /><testcase classname="backend.tests.test_iteration2_customer_jobs.TestRegisterRoles" name="test_register_user_default" time="0.355" /><testcase classname="backend.tests.test_iteration2_customer_jobs.TestRegisterRoles" name="test_register_admin_self_assign_blocked" time="0.444" /><testcase classname="backend.tests.test_iteration2_customer_jobs.TestRegisterRoles" name="test_customer_login_routes_role" time="0.703" /><testcase classname="backend.tests.test_iteration2_customer_jobs.TestJobsCRUD" name="test_create_job_pending_with_rate" time="0.497" /><testcase classname="backend.tests.test_iteration2_customer_jobs.TestJobsCRUD" name="test_list_jobs_only_owned" time="1.257" /><testcase classname="backend.tests.test_iteration2_customer_jobs.TestJobsCRUD" name="test_get_job_by_id_and_404_for_other" time="1.143" /><testcase classname="backend.tests.test_iteration2_customer_jobs.TestJobsCRUD" name="test_worker_cannot_create_job" time="0.759" /><testcase classname="backend.tests.test_iteration2_customer_jobs.TestAdminJobs" name="test_non_admin_cannot_list_admin_jobs" time="0.487" /><testcase classname="backend.tests.test_iteration2_customer_jobs.TestAdminJobs" name="test_admin_lists_all_jobs" time="1.108" /><testcase classname="backend.tests.test_iteration2_customer_jobs.TestAdminJobs" name="test_approve_pending_to_running" time="0.983" /><testcase classname="backend.tests.test_iteration2_customer_jobs.TestAdminJobs" name="test_reject_then_re_approve" time="1.136" /><testcase classname="backend.tests.test_iteration2_customer_jobs.TestWorkerJobBinding" name="test_no_running_jobs_task_has_null_job_id" time="0.584" /><testcase classname="backend.tests.test_iteration2_customer_jobs.TestWorkerJobBinding" name="test_matrix_workload_forces_matrix_kind" time="1.330" /><testcase classname="backend.tests.test_iteration2_customer_jobs.TestWorkerJobBinding" name="test_hash_workload_forces_hash_kind" time="1.264" /><testcase classname="backend.tests.test_iteration2_customer_jobs.TestWorkerJobBinding" name="test_incorrect_result_does_not_increment_job" time="1.324" /><testcase classname="backend.tests.test_iteration2_customer_jobs.TestGoldenFlow" name="test_full_customer_to_completion" time="2.312" /><testcase classname="backend.tests.test_iteration2_customer_jobs.TestAdminLedger" name="test_ledger_structure" time="0.134" /><testcase classname="backend.tests.test_iteration2_customer_jobs.TestAdminLedger" name="test_non_admin_cannot_see_ledger" time="0.514" /><testcase classname="backend.tests.test_iteration2_customer_jobs.TestDeviceHealth" name="test_heartbeat_persists_brand_os_thermal" time="0.379" /></testsuite></testsuites>