<?xml version="1.0" encoding="utf-8"?><testsuites name="pytest tests"><testsuite name="pytest" errors="0" failures="1" skipped="1" tests="162" time="190.299" timestamp="2026-05-07T17:03:04.549156+00:00" hostname="agent-env-908b3c0b-2459-4329-a3a2-ce44124f95b9"><testcase classname="backend.tests.test_grid_backend.TestAuth" name="test_register_returns_token_and_cookies" time="0.368" /><testcase classname="backend.tests.test_grid_backend.TestAuth" name="test_login_valid" time="0.378" /><testcase classname="backend.tests.test_grid_backend.TestAuth" name="test_login_invalid" time="0.357" /><testcase classname="backend.tests.test_grid_backend.TestAuth" name="test_me_with_bearer" time="0.515" /><testcase classname="backend.tests.test_grid_backend.TestAuth" name="test_devices_unauth" time="0.142" /><testcase classname="backend.tests.test_grid_backend.TestDevices" name="test_register_all_three_models" time="0.419" /><testcase classname="backend.tests.test_grid_backend.TestDevices" name="test_register_invalid_model" time="0.126" /><testcase classname="backend.tests.test_grid_backend.TestDevices" name="test_list_only_current_user" time="0.125" /><testcase classname="backend.tests.test_grid_backend.TestDevices" name="test_heartbeat_eligible" time="0.164" /><testcase classname="backend.tests.test_grid_backend.TestDevices" name="test_heartbeat_ineligible_when_any_false" time="0.384" /><testcase classname="backend.tests.test_grid_backend.TestTasks" name="test_request_requires_golden_rule" time="0.284" /><testcase classname="backend.tests.test_grid_backend.TestTasks" name="test_matrix_and_hash_verified" time="1.054" /><testcase classname="backend.tests.test_grid_backend.TestTasks" name="test_incorrect_result_rejected" time="0.269" /><testcase classname="backend.tests.test_grid_backend.TestTasks" name="test_fraud_shield_flags_on_fast_correct" time="1.645" /><testcase classname="backend.tests.test_grid_backend.TestWallet" name="test_wallet_structure" time="0.157" /><testcase classname="backend.tests.test_grid_backend.TestWallet" name="test_withdraw_below_threshold" time="0.130" /><testcase classname="backend.tests.test_grid_backend.TestWallet" name="test_withdraw_success_when_bumped" time="0.000"><skipped type="pytest.skip" message="Requires direct DB bump; covered by threshold test above">/app/backend/tests/test_grid_backend.py:345: Requires direct DB bump; covered by threshold test above</skipped></testcase><testcase classname="backend.tests.test_grid_backend.TestStats" name="test_network_stats" time="0.136" /><testcase classname="backend.tests.test_grid_backend.TestAdmin" name="test_non_admin_forbidden" time="0.521" /><testcase classname="backend.tests.test_grid_backend.TestAdmin" name="test_admin_can_access" time="1.138" /><testcase classname="backend.tests.test_grid_backend.TestAdmin" name="test_admin_flag_and_unflag" time="0.324" /><testcase classname="backend.tests.test_grid_backend.TestAdmin" name="test_non_admin_cannot_approve_payout" time="0.127" /><testcase classname="backend.tests.test_iteration2_customer_jobs.TestRegisterRoles" name="test_register_customer" time="0.355" /><testcase classname="backend.tests.test_iteration2_customer_jobs.TestRegisterRoles" name="test_register_user_default" time="0.378" /><testcase classname="backend.tests.test_iteration2_customer_jobs.TestRegisterRoles" name="test_register_admin_self_assign_blocked" time="0.345" /><testcase classname="backend.tests.test_iteration2_customer_jobs.TestRegisterRoles" name="test_customer_login_routes_role" time="0.754" /><testcase classname="backend.tests.test_iteration2_customer_jobs.TestJobsCRUD" name="test_create_job_pending_with_rate" time="0.933" /><testcase classname="backend.tests.test_iteration2_customer_jobs.TestJobsCRUD" name="test_list_jobs_only_owned" time="1.524" /><testcase classname="backend.tests.test_iteration2_customer_jobs.TestJobsCRUD" name="test_get_job_by_id_and_404_for_other" time="1.183" /><testcase classname="backend.tests.test_iteration2_customer_jobs.TestJobsCRUD" name="test_worker_cannot_create_job" time="0.830" /><testcase classname="backend.tests.test_iteration2_customer_jobs.TestAdminJobs" name="test_non_admin_cannot_list_admin_jobs" time="0.492" /><testcase classname="backend.tests.test_iteration2_customer_jobs.TestAdminJobs" name="test_admin_lists_all_jobs" time="1.158" /><testcase classname="backend.tests.test_iteration2_customer_jobs.TestAdminJobs" name="test_approve_pending_to_running" time="0.881" /><testcase classname="backend.tests.test_iteration2_customer_jobs.TestAdminJobs" name="test_reject_then_re_approve" time="1.271" /><testcase classname="backend.tests.test_iteration2_customer_jobs.TestWorkerJobBinding" name="test_no_running_jobs_task_has_null_job_id" time="0.588" /><testcase classname="backend.tests.test_iteration2_customer_jobs.TestWorkerJobBinding" name="test_matrix_workload_forces_matrix_kind" time="1.391" /><testcase classname="backend.tests.test_iteration2_customer_jobs.TestWorkerJobBinding" name="test_hash_workload_forces_hash_kind" time="1.318" /><testcase classname="backend.tests.test_iteration2_customer_jobs.TestWorkerJobBinding" name="test_incorrect_result_does_not_increment_job" time="1.359" /><testcase classname="backend.tests.test_iteration2_customer_jobs.TestGoldenFlow" name="test_full_customer_to_completion" time="2.222" /><testcase classname="backend.tests.test_iteration2_customer_jobs.TestAdminLedger" name="test_ledger_structure" time="0.147" /><testcase classname="backend.tests.test_iteration2_customer_jobs.TestAdminLedger" name="test_non_admin_cannot_see_ledger" time="0.515" /><testcase classname="backend.tests.test_iteration2_customer_jobs.TestDeviceHealth" name="test_heartbeat_persists_brand_os_thermal" time="0.447" /><testcase classname="backend.tests.test_iteration3_features.TestAPK" name="test_apk_version_metadata" time="0.603" /><testcase classname="backend.tests.test_iteration3_features.TestAPK" name="test_apk_track_download_counts_and_rate_limits" time="0.926" /><testcase classname="backend.tests.test_iteration3_features.TestAutoMining" name="test_get_auto_mining_admin_only" time="0.672" /><testcase classname="backend.tests.test_iteration3_features.TestAutoMining" name="test_set_auto_mining_persists" time="0.386" /><testcase classname="backend.tests.test_iteration3_features.TestAutoMining" name="test_worker_baseline_blocked_when_auto_mining_off" time="1.194" /><testcase classname="backend.tests.test_iteration3_features.TestAutoMining" name="test_worker_baseline_allowed_when_auto_mining_on" time="1.305" /><testcase classname="backend.tests.test_iteration3_features.TestHashrate" name="test_hashrate_structure" time="0.153" /><testcase classname="backend.tests.test_iteration3_features.TestHashrate" name="test_hashrate_admin_only" time="0.500" /><testcase classname="backend.tests.test_iteration3_features.TestPriority" name="test_create_job_default_priority_standard" time="0.502" /><testcase classname="backend.tests.test_iteration3_features.TestPriority" name="test_create_job_persists_priority_instant" time="0.654" /><testcase classname="backend.tests.test_iteration3_features.TestPriority" name="test_priority_multiplier_in_submit_response" time="2.700" /><testcase classname="backend.tests.test_iteration3_features.TestResultsExport" name="test_results_json_export" time="1.982" /><testcase classname="backend.tests.test_iteration3_features.TestResultsExport" name="test_results_csv_export" time="2.216" /><testcase classname="backend.tests.test_iteration3_features.TestResultsExport" name="test_results_export_other_customer_404" time="2.335" /><testcase classname="backend.tests.test_iteration3_features.TestApiKey" name="test_get_api_key_returns_existing_or_generated" time="0.635" /><testcase classname="backend.tests.test_iteration3_features.TestApiKey" name="test_regenerate_returns_new_key" time="0.791" /><testcase classname="backend.tests.test_iteration3_features.TestApiKey" name="test_worker_cannot_access_api_key" time="0.911" /><testcase classname="backend.tests.test_iteration3_features.TestReferrals" name="test_register_returns_referral_code" time="0.632" /><testcase classname="backend.tests.test_iteration3_features.TestReferrals" name="test_register_with_referral_links_referrer" time="1.449" /><testcase classname="backend.tests.test_iteration3_features.TestReferrals" name="test_referrals_endpoint_basic_structure" time="0.780" /><testcase classname="backend.tests.test_iteration3_features.TestReferrals" name="test_referral_share_card_svg" time="0.759" /><testcase classname="backend.tests.test_iteration3_features.TestReferrals" name="test_referral_commission_credited_on_verified_task" time="2.968" /><testcase classname="backend.tests.test_iteration3_features.TestBruteForceLockout" name="test_lockout_engages_on_5th_attempt" time="0.820" /><testcase classname="backend.tests.test_iteration3_features.TestBruteForceLockout" name="test_successful_login_clears_attempts" time="2.890" /><testcase classname="backend.tests.test_iteration3_features.TestLoginPayload" name="test_customer_login_includes_referral_code_and_api_key" time="0.723" /><testcase classname="backend.tests.test_iteration3_features.TestLoginPayload" name="test_worker_login_includes_referral_code_no_api_key" time="1.021" /><testcase classname="backend.tests.test_iteration4_mining.TestMiningProfiles" name="test_profiles_shape" time="0.506" /><testcase classname="backend.tests.test_iteration4_mining.TestMiningProfiles" name="test_each_profile_has_required_fields" time="0.138" /><testcase classname="backend.tests.test_iteration4_mining.TestMiningProfiles" name="test_coin_values[BTC-exp0]" time="0.138" /><testcase classname="backend.tests.test_iteration4_mining.TestMiningProfiles" name="test_coin_values[BCH-exp1]" time="0.123" /><testcase classname="backend.tests.test_iteration4_mining.TestMiningProfiles" name="test_coin_values[LTC-exp2]" time="0.119" /><testcase classname="backend.tests.test_iteration4_mining.TestMiningProfiles" name="test_coin_values[ZEC-exp3]" time="0.137" /><testcase classname="backend.tests.test_iteration4_mining.TestMiningProfiles" name="test_coin_values[ETC-exp4]" time="0.155" /><testcase classname="backend.tests.test_iteration4_mining.TestMiningProfiles" name="test_coin_values[RVN-exp5]" time="0.139" /><testcase classname="backend.tests.test_iteration4_mining.TestMiningProfiles" name="test_coin_values[DASH-exp6]" time="0.134" /><testcase classname="backend.tests.test_iteration4_mining.TestMiningProfiles" name="test_coin_values[KAS-exp7]" time="0.117" /><testcase classname="backend.tests.test_iteration4_mining.TestActiveSelect" name="test_default_btc" time="0.274" /><testcase classname="backend.tests.test_iteration4_mining.TestActiveSelect" name="test_admin_can_switch_coin" time="0.239" /><testcase classname="backend.tests.test_iteration4_mining.TestActiveSelect" name="test_invalid_coin_rejected" time="0.181" /><testcase classname="backend.tests.test_iteration4_mining.TestActiveSelect" name="test_non_admin_forbidden" time="0.501" /><testcase classname="backend.tests.test_iteration4_mining.TestMiningConfig" name="test_worker_id_format_and_fields" time="0.432" /><testcase classname="backend.tests.test_iteration4_mining.TestMiningConfig" name="test_tier_hashrate_multiplier_btc" time="1.332" /><testcase classname="backend.tests.test_iteration4_mining.TestMiningConfig" name="test_other_users_device_not_found" time="0.682" /><testcase classname="backend.tests.test_iteration4_mining.TestMiningConfig" name="test_admin_switch_propagates_to_workers" time="0.652" /><testcase classname="backend.tests.test_iteration4_mining.TestHeartbeatHashrate" name="test_heartbeat_accepts_and_persists" time="1.111" /><testcase classname="backend.tests.test_iteration4_mining.TestAdminStatsRevenue" name="test_stats_shape_and_aggregates_active" time="0.955" /><testcase classname="backend.tests.test_iteration4_mining.TestAdminStatsRevenue" name="test_revenue_math" time="0.394" /><testcase classname="backend.tests.test_iteration4_mining.TestAdminStatsRevenue" name="test_admin_endpoints_require_admin" time="0.261" /><testcase classname="backend.tests.test_iteration5_mode_kill_ws.TestMiningConfigShape" name="test_new_fields_present_and_polling_interval" time="42.662" /><testcase classname="backend.tests.test_iteration5_mode_kill_ws.TestModeRouting" name="test_baseline_when_auto_on_and_no_jobs" time="0.434" /><testcase classname="backend.tests.test_iteration5_mode_kill_ws.TestModeRouting" name="test_idle_after_kill_switch" time="0.751" /><testcase classname="backend.tests.test_iteration5_mode_kill_ws.TestModeRouting" name="test_enterprise_job_supersedes_kill" time="11.025" /><testcase classname="backend.tests.test_iteration5_mode_kill_ws.TestKillSwitchAuth" name="test_non_admin_cannot_kill" time="0.178" /><testcase classname="backend.tests.test_iteration5_mode_kill_ws.TestKillSwitchAuth" name="test_non_admin_cannot_resume" time="0.128" /><testcase classname="backend.tests.test_iteration5_mode_kill_ws.TestKillSwitchAuth" name="test_unauthenticated_cannot_kill" time="0.147" /><testcase classname="backend.tests.test_iteration5_mode_kill_ws.TestHeartbeatGeo" name="test_country_uppercase_and_lat_lng_persist" time="0.499" /><testcase classname="backend.tests.test_iteration5_mode_kill_ws.TestHeartbeatGeo" name="test_invalid_current_mode_does_not_crash_and_does_not_persist" time="0.570" /><testcase classname="backend.tests.test_iteration5_mode_kill_ws.TestAutoMiningDefault" name="test_auto_mining_default_true_means_baseline" time="0.661" /><testcase classname="backend.tests.test_iteration5_mode_kill_ws.TestWebSocketTelemetry" name="test_admin_receives_frame_within_5s" time="0.267" /><testcase classname="backend.tests.test_iteration5_mode_kill_ws.TestWebSocketTelemetry" name="test_worker_token_rejected_with_4401" time="0.198" /><testcase classname="backend.tests.test_iteration5_mode_kill_ws.TestWebSocketTelemetry" name="test_no_token_rejected" time="0.244" /><testcase classname="backend.tests.test_iteration6_tgc.TestWalletTGC" name="test_wallet_returns_tgc_fields" time="1.021" /><testcase classname="backend.tests.test_iteration6_tgc.TestPowerUp" name="test_power_up_first_then_already_active" time="0.293" /><testcase classname="backend.tests.test_iteration6_tgc.TestPowerUp" name="test_power_up_status" time="0.143" /><testcase classname="backend.tests.test_iteration6_tgc.TestTierForecast" name="test_tier_forecast[flagship-6.0-0.3]" time="0.132" /><testcase classname="backend.tests.test_iteration6_tgc.TestTierForecast" name="test_tier_forecast[mid-3.6-0.18]" time="0.141" /><testcase classname="backend.tests.test_iteration6_tgc.TestTierForecast" name="test_tier_forecast[budget-2.0-0.1]" time="0.121" /><testcase classname="backend.tests.test_iteration6_tgc.TestAdminShield" name="test_admin_shield_get" time="0.133" /><testcase classname="backend.tests.test_iteration6_tgc.TestAdminShield" name="test_admin_shield_set_halves_forecast" time="0.394" /><testcase classname="backend.tests.test_iteration6_tgc.TestAdminShield" name="test_admin_shield_rejects_non_admin" time="0.383" /><testcase classname="backend.tests.test_iteration6_tgc.TestTGCAccrual" name="test_accrual_with_power_up" time="0.992" /><testcase classname="backend.tests.test_iteration6_tgc.TestWithdraw" name="test_withdraw_below_threshold_rejected" time="5.233" /><testcase classname="backend.tests.test_iteration6_tgc.TestKillResume" name="test_kill_and_resume" time="0.415" /><testcase classname="backend.tests.test_iteration7_native_apk" name="test_native_device_register_idempotent" time="0.634" /><testcase classname="backend.tests.test_iteration7_native_apk" name="test_emulator_autoflag" time="0.130" /><testcase classname="backend.tests.test_iteration7_native_apk" name="test_heartbeat_native_fields" time="0.323" /><testcase classname="backend.tests.test_iteration7_native_apk" name="test_golden_rule_auto_stop[not_charging-signals0-not_charging]" time="36.469" /><testcase classname="backend.tests.test_iteration7_native_apk" name="test_golden_rule_auto_stop[not_on_wifi-signals1-not_on_wifi]" time="0.341" /><testcase classname="backend.tests.test_iteration7_native_apk" name="test_golden_rule_auto_stop[permission_off-signals2-permission_off]" time="0.260" /><testcase classname="backend.tests.test_iteration7_native_apk" name="test_golden_rule_auto_stop[over_temp-signals3-over_temp]" time="0.282" /><testcase classname="backend.tests.test_iteration7_native_apk" name="test_over_temp_marks_thermal_hot" time="0.449" /><testcase classname="backend.tests.test_iteration7_native_apk" name="test_worker_start_stop" time="0.462" /><testcase classname="backend.tests.test_iteration7_native_apk" name="test_worker_start_unknown_device_404" time="0.129" /><testcase classname="backend.tests.test_iteration7_native_apk" name="test_devices_me" time="0.140" /><testcase classname="backend.tests.test_iteration7_native_apk" name="test_admin_devices_live_real_only" time="0.503" /><testcase classname="backend.tests.test_iteration7_native_apk" name="test_admin_devices_live_filters" time="0.253" /><testcase classname="backend.tests.test_iteration7_native_apk" name="test_admin_telemetry" time="0.162" /><testcase classname="backend.tests.test_iteration7_native_apk" name="test_admin_endpoints_require_admin" time="0.260" /><testcase classname="backend.tests.test_iteration7_native_apk" name="test_suspicious_heartbeat_burst" time="2.387" /><testcase classname="backend.tests.test_iteration7_native_apk" name="test_apk_version_v1_2_0" time="0.137" /><testcase classname="backend.tests.test_iteration7_native_apk" name="test_apk_file_served" time="0.147" /><testcase classname="backend.tests.test_iteration7_supplement" name="test_cross_user_device_id_returns_409" time="1.054" /><testcase classname="backend.tests.test_iteration7_supplement" name="test_legacy_heartbeat_no_worker_state_active" time="0.273" /><testcase classname="backend.tests.test_iteration7_supplement" name="test_admin_shield_rejects_worker" time="0.124" /><testcase classname="backend.tests.test_iteration7_supplement" name="test_mining_config_baseline_compute" time="0.307" /><testcase classname="backend.tests.test_iteration8_stabilization" name="test_digest_schema" time="0.494" /><testcase classname="backend.tests.test_iteration8_stabilization" name="test_digest_power_up_warning_when_expired" time="0.141" /><testcase classname="backend.tests.test_iteration8_stabilization" name="test_compute_aliases_parity" time="1.148" /><testcase classname="backend.tests.test_iteration8_stabilization" name="test_compute_kill_resume_aliases" time="0.288" /><testcase classname="backend.tests.test_iteration8_stabilization" name="test_compute_aliases_require_admin" time="0.360" /><testcase classname="backend.tests.test_iteration8_stabilization" name="test_sliding_window_no_false_positive_on_single_burst" time="0.591" /><testcase classname="backend.tests.test_iteration8_stabilization" name="test_sliding_window_flags_persistent_burst" time="2.583" /><testcase classname="backend.tests.test_iteration8_stabilization" name="test_apk_v1_2_1_metadata" time="0.140"><failure message="AssertionError: assert '1.2.3' == '1.2.1'&#10;  &#10;  - 1.2.1&#10;  ?     ^&#10;  + 1.2.3&#10;  ?     ^">E   AssertionError: assert '1.2.3' == '1.2.1'
      
      - 1.2.1
      ?     ^
      + 1.2.3
      ?     ^</failure></testcase><testcase classname="backend.tests.test_iteration8_stabilization" name="test_apk_v1_2_1_served" time="0.481" /><testcase classname="backend.tests.test_iteration8_stabilization" name="test_matrix_signature_known_seeds_are_deterministic[1-4]" time="0.001" /><testcase classname="backend.tests.test_iteration8_stabilization" name="test_matrix_signature_known_seeds_are_deterministic[12345-5]" time="0.001" /><testcase classname="backend.tests.test_iteration8_stabilization" name="test_matrix_signature_known_seeds_are_deterministic[10000000-6]" time="0.001" /><testcase classname="backend.tests.test_iteration8_stabilization" name="test_no_user_visible_mining_terms_in_apk_release_notes" time="0.131" /><testcase classname="backend.tests.test_iteration9_pool_cleanup.TestPoolStatus" name="test_pool_status_unconfigured" time="0.492" /><testcase classname="backend.tests.test_iteration9_pool_cleanup.TestPoolStatus" name="test_pool_status_no_password_leak" time="0.138" /><testcase classname="backend.tests.test_iteration9_pool_cleanup.TestPoolStatus" name="test_pool_status_admin_only" time="0.480" /><testcase classname="backend.tests.test_iteration9_pool_cleanup.TestAdminDevicesLive" name="test_default_excludes_demo" time="0.363" /><testcase classname="backend.tests.test_iteration9_pool_cleanup.TestAdminDevicesLive" name="test_telemetry_show_demo" time="0.286" /><testcase classname="backend.tests.test_iteration9_pool_cleanup.TestWorkerControl" name="test_worker_start_sets_active_and_resets_session" time="0.273" /><testcase classname="backend.tests.test_iteration9_pool_cleanup.TestWorkerControl" name="test_worker_stop_sets_stopped_idle" time="0.125" /><testcase classname="backend.tests.test_iteration9_pool_cleanup.TestHeartbeatWorkerState" name="test_active_eligible" time="0.627" /><testcase classname="backend.tests.test_iteration9_pool_cleanup.TestHeartbeatWorkerState" name="test_paused_state" time="0.639" /><testcase classname="backend.tests.test_iteration9_pool_cleanup.TestHeartbeatWorkerState" name="test_stopped_state" time="0.629" /><testcase classname="backend.tests.test_iteration9_pool_cleanup.TestHeartbeatWorkerState" name="test_golden_rule_violation" time="0.638" /><testcase classname="backend.tests.test_iteration9_pool_cleanup.TestApkVersion" name="test_apk_version_v123_signed" time="0.587" /></testsuite></testsuites>