<?xml version="1.0" encoding="utf-8"?><testsuites name="pytest tests"><testsuite name="pytest" errors="0" failures="0" skipped="0" tests="11" time="4.564" timestamp="2026-05-07T21:30:01.228153+00:00" hostname="agent-env-908b3c0b-2459-4329-a3a2-ce44124f95b9"><testcase classname="tests.test_iteration12_stratum_link.TestApkV126" name="test_apk_version_metadata" time="0.299" /><testcase classname="tests.test_iteration12_stratum_link.TestApkV126" name="test_apk_head" time="0.127" /><testcase classname="tests.test_iteration12_stratum_link.TestHeartbeatStratumLinked" name="test_stratum_linked_true_persists" time="1.258" /><testcase classname="tests.test_iteration12_stratum_link.TestHeartbeatStratumLinked" name="test_stratum_linked_false_persists" time="0.413" /><testcase classname="tests.test_iteration12_stratum_link.TestHeartbeatStratumLinked" name="test_omit_stratum_linked_keeps_value" time="0.637" /><testcase classname="tests.test_iteration12_stratum_link.TestAdminDevicesLive" name="test_per_row_has_stratum_fields" time="0.454" /><testcase classname="tests.test_iteration12_stratum_link.TestAdminDevicesLive" name="test_counters_include_stratum_split" time="0.198" /><testcase classname="tests.test_iteration12_stratum_link.TestAdminTelemetry" name="test_telemetry_has_stratum_split" time="0.125" /><testcase classname="tests.test_iteration12_stratum_link.TestWipeDemoEndpoint" name="test_requires_admin_no_token" time="0.140" /><testcase classname="tests.test_iteration12_stratum_link.TestWipeDemoEndpoint" name="test_requires_admin_worker_rejected" time="0.133" /><testcase classname="tests.test_iteration12_stratum_link.TestWipeDemoEndpoint" name="test_wipe_demo_contract_and_preserves_real" time="0.691" /></testsuite></testsuites>