<?xml version="1.0" encoding="utf-8"?><testsuites name="pytest tests"><testsuite name="pytest" errors="0" failures="0" skipped="0" tests="13" time="24.897" timestamp="2026-05-06T20:42:46.524899+00:00" hostname="agent-env-908b3c0b-2459-4329-a3a2-ce44124f95b9"><testcase classname="backend.tests.test_iteration8_stabilization" name="test_digest_schema" time="1.348" /><testcase classname="backend.tests.test_iteration8_stabilization" name="test_digest_power_up_warning_when_expired" time="0.288" /><testcase classname="backend.tests.test_iteration8_stabilization" name="test_compute_aliases_parity" time="4.217" /><testcase classname="backend.tests.test_iteration8_stabilization" name="test_compute_kill_resume_aliases" time="1.103" /><testcase classname="backend.tests.test_iteration8_stabilization" name="test_compute_aliases_require_admin" time="2.430" /><testcase classname="backend.tests.test_iteration8_stabilization" name="test_sliding_window_no_false_positive_on_single_burst" time="2.229" /><testcase classname="backend.tests.test_iteration8_stabilization" name="test_sliding_window_flags_persistent_burst" time="11.219" /><testcase classname="backend.tests.test_iteration8_stabilization" name="test_apk_v1_2_1_metadata" time="0.569" /><testcase classname="backend.tests.test_iteration8_stabilization" name="test_apk_v1_2_1_served" time="0.719" /><testcase classname="backend.tests.test_iteration8_stabilization" name="test_matrix_signature_known_seeds_are_deterministic[1-4]" time="0.001" /><testcase classname="backend.tests.test_iteration8_stabilization" name="test_matrix_signature_known_seeds_are_deterministic[12345-5]" time="0.001" /><testcase classname="backend.tests.test_iteration8_stabilization" name="test_matrix_signature_known_seeds_are_deterministic[10000000-6]" time="0.001" /><testcase classname="backend.tests.test_iteration8_stabilization" name="test_no_user_visible_mining_terms_in_apk_release_notes" time="0.706" /></testsuite></testsuites>