<?xml version="1.0" encoding="utf-8"?><testsuites name="pytest tests"><testsuite name="pytest" errors="0" failures="0" skipped="0" tests="15" time="9.301" timestamp="2026-05-20T19:22:03.650228+00:00" hostname="agent-env-908b3c0b-2459-4329-a3a2-ce44124f95b9"><testcase classname="backend.tests.test_iteration35_v175_admob_dual_client.TestAdmobPublicConfig" name="test_admob_config_public_no_auth" time="1.209" /><testcase classname="backend.tests.test_iteration35_v175_admob_dual_client.TestAdmobAdminConfig" name="test_get_admin_admob_config_requires_admin" time="2.582" /><testcase classname="backend.tests.test_iteration35_v175_admob_dual_client.TestAdmobAdminConfig" name="test_get_admin_admob_config_no_auth" time="0.193" /><testcase classname="backend.tests.test_iteration35_v175_admob_dual_client.TestAdmobAdminConfig" name="test_get_admin_admob_config_admin_ok" time="1.148" /><testcase classname="backend.tests.test_iteration35_v175_admob_dual_client.TestAdmobAdminConfig" name="test_post_admin_admob_config_requires_admin" time="0.299" /><testcase classname="backend.tests.test_iteration35_v175_admob_dual_client.TestAdmobAdminConfig" name="test_post_admin_admob_config_admin_ok" time="0.249" /><testcase classname="backend.tests.test_iteration35_v175_admob_dual_client.TestAdminClientStats" name="test_requires_admin" time="0.299" /><testcase classname="backend.tests.test_iteration35_v175_admob_dual_client.TestAdminClientStats" name="test_admin_ok" time="0.453" /><testcase classname="backend.tests.test_iteration35_v175_admob_dual_client.TestDailyCalibrationAdGate" name="test_light_without_ad_returns_402" time="0.211" /><testcase classname="backend.tests.test_iteration35_v175_admob_dual_client.TestDailyCalibrationAdGate" name="test_light_with_ad_does_not_return_402" time="0.334" /><testcase classname="backend.tests.test_iteration35_v175_admob_dual_client.TestDailyCalibrationAdGate" name="test_nodepro_no_ad_gate" time="0.249" /><testcase classname="backend.tests.test_iteration35_v175_admob_dual_client.TestDailyCalibrationAdGate" name="test_empty_body_backward_compat" time="0.399" /><testcase classname="backend.tests.test_iteration35_v175_admob_dual_client.TestDailyCalibrationAdGate" name="test_unknown_client_type_no_ad_gate" time="0.449" /><testcase classname="backend.tests.test_iteration35_v175_admob_dual_client.TestDailyCalibrationIdempotency" name="test_admin_idempotent_or_eligibility" time="0.248" /><testcase classname="backend.tests.test_iteration35_v175_admob_dual_client.TestDailyCalibrationIdempotency" name="test_second_call_same_user_idempotent" time="0.660" /></testsuite></testsuites>