<?xml version="1.0" encoding="utf-8"?><testsuites name="pytest tests"><testsuite name="pytest" errors="0" failures="0" skipped="0" tests="19" time="22.619" timestamp="2026-05-11T20:49:56.369317+00:00" hostname="agent-env-908b3c0b-2459-4329-a3a2-ce44124f95b9"><testcase classname="backend.tests.test_iteration32_v1410_battery_exempt.TestApkVersion" name="test_apk_version_metadata" time="9.985" /><testcase classname="backend.tests.test_iteration32_v1410_battery_exempt.TestApkVersion" name="test_apk_head_download" time="0.487" /><testcase classname="backend.tests.test_iteration32_v1410_battery_exempt.TestHeartbeatUpgrade" name="test_heartbeat_v1410_marks_real_apk" time="2.297" /><testcase classname="backend.tests.test_iteration32_v1410_battery_exempt.TestWalletLedger" name="test_wallet_returns_full_tgc_ledger" time="0.196" /><testcase classname="backend.tests.test_iteration32_v1410_battery_exempt.TestTierForecast" name="test_tier_forecast[mid]" time="0.200" /><testcase classname="backend.tests.test_iteration32_v1410_battery_exempt.TestTierForecast" name="test_tier_forecast[flagship]" time="0.298" /><testcase classname="backend.tests.test_iteration32_v1410_battery_exempt.TestTierForecast" name="test_tier_forecast[budget]" time="0.400" /><testcase classname="backend.tests.test_iteration32_v1410_battery_exempt.TestTierForecast" name="test_tier_forecast[core]" time="0.196" /><testcase classname="backend.tests.test_iteration32_v1410_battery_exempt.TestDrip" name="test_drip_credits_tgc" time="2.500" /><testcase classname="backend.tests.test_iteration32_v1410_battery_exempt.TestPayoutAddress" name="test_payout_address_validation[BEP20-0xaaaaaaaaaaaaaaaaaaaaaaaaaaaaaaaaaaaaaaaa-True]" time="0.299" /><testcase classname="backend.tests.test_iteration32_v1410_battery_exempt.TestPayoutAddress" name="test_payout_address_validation[TRC20-T999999999999999999999999999999999-True]" time="0.199" /><testcase classname="backend.tests.test_iteration32_v1410_battery_exempt.TestPayoutAddress" name="test_payout_address_validation[Polygon-0xbbbbbbbbbbbbbbbbbbbbbbbbbbbbbbbbbbbbbbbb-True]" time="0.298" /><testcase classname="backend.tests.test_iteration32_v1410_battery_exempt.TestPayoutAddress" name="test_payout_address_validation[BEP20-0xshort-False]" time="0.199" /><testcase classname="backend.tests.test_iteration32_v1410_battery_exempt.TestPayoutAddress" name="test_payout_address_validation[Unknown-0xaaaaaaaaaaaaaaaaaaaaaaaaaaaaaaaaaaaaaaaa-False]" time="0.296" /><testcase classname="backend.tests.test_iteration32_v1410_battery_exempt.TestAdminMobileMiningMetrics" name="test_metrics_split" time="2.998" /><testcase classname="backend.tests.test_iteration32_v1410_battery_exempt.TestRegression" name="test_auth_me" time="0.198" /><testcase classname="backend.tests.test_iteration32_v1410_battery_exempt.TestRegression" name="test_auth_refresh" time="0.305" /><testcase classname="backend.tests.test_iteration32_v1410_battery_exempt.TestRegression" name="test_admin_console_snapshot" time="0.292" /><testcase classname="backend.tests.test_iteration32_v1410_battery_exempt.TestRegression" name="test_pool_health" time="0.419" /></testsuite></testsuites>