<?xml version="1.0" encoding="utf-8"?><testsuites name="pytest tests"><testsuite name="pytest" errors="0" failures="0" skipped="0" tests="22" time="9.978" timestamp="2026-05-05T20:27:14.107849+00:00" hostname="agent-env-908b3c0b-2459-4329-a3a2-ce44124f95b9"><testcase classname="backend.tests.test_iteration4_mining.TestMiningProfiles" name="test_profiles_shape" time="0.738" /><testcase classname="backend.tests.test_iteration4_mining.TestMiningProfiles" name="test_each_profile_has_required_fields" time="0.125" /><testcase classname="backend.tests.test_iteration4_mining.TestMiningProfiles" name="test_coin_values[BTC-exp0]" time="0.141" /><testcase classname="backend.tests.test_iteration4_mining.TestMiningProfiles" name="test_coin_values[BCH-exp1]" time="0.127" /><testcase classname="backend.tests.test_iteration4_mining.TestMiningProfiles" name="test_coin_values[LTC-exp2]" time="0.142" /><testcase classname="backend.tests.test_iteration4_mining.TestMiningProfiles" name="test_coin_values[ZEC-exp3]" time="0.132" /><testcase classname="backend.tests.test_iteration4_mining.TestMiningProfiles" name="test_coin_values[ETC-exp4]" time="0.229" /><testcase classname="backend.tests.test_iteration4_mining.TestMiningProfiles" name="test_coin_values[RVN-exp5]" time="0.135" /><testcase classname="backend.tests.test_iteration4_mining.TestMiningProfiles" name="test_coin_values[DASH-exp6]" time="0.136" /><testcase classname="backend.tests.test_iteration4_mining.TestMiningProfiles" name="test_coin_values[KAS-exp7]" time="0.140" /><testcase classname="backend.tests.test_iteration4_mining.TestActiveSelect" name="test_default_btc" time="0.315" /><testcase classname="backend.tests.test_iteration4_mining.TestActiveSelect" name="test_admin_can_switch_coin" time="0.504" /><testcase classname="backend.tests.test_iteration4_mining.TestActiveSelect" name="test_invalid_coin_rejected" time="0.133" /><testcase classname="backend.tests.test_iteration4_mining.TestActiveSelect" name="test_non_admin_forbidden" time="0.530" /><testcase classname="backend.tests.test_iteration4_mining.TestMiningConfig" name="test_worker_id_format_and_fields" time="0.508" /><testcase classname="backend.tests.test_iteration4_mining.TestMiningConfig" name="test_tier_hashrate_multiplier_btc" time="1.433" /><testcase classname="backend.tests.test_iteration4_mining.TestMiningConfig" name="test_other_users_device_not_found" time="0.647" /><testcase classname="backend.tests.test_iteration4_mining.TestMiningConfig" name="test_admin_switch_propagates_to_workers" time="0.829" /><testcase classname="backend.tests.test_iteration4_mining.TestHeartbeatHashrate" name="test_heartbeat_accepts_and_persists" time="0.929" /><testcase classname="backend.tests.test_iteration4_mining.TestAdminStatsRevenue" name="test_stats_shape_and_aggregates_active" time="0.977" /><testcase classname="backend.tests.test_iteration4_mining.TestAdminStatsRevenue" name="test_revenue_math" time="0.502" /><testcase classname="backend.tests.test_iteration4_mining.TestAdminStatsRevenue" name="test_admin_endpoints_require_admin" time="0.410" /></testsuite></testsuites>