<?xml version="1.0" encoding="utf-8"?><testsuites name="pytest tests"><testsuite name="pytest" errors="0" failures="0" skipped="0" tests="4" time="1.757" timestamp="2026-05-06T19:57:23.394390+00:00" hostname="agent-env-908b3c0b-2459-4329-a3a2-ce44124f95b9"><testcase classname="tests.test_iteration7_supplement" name="test_cross_user_device_id_returns_409" time="1.022" /><testcase classname="tests.test_iteration7_supplement" name="test_legacy_heartbeat_no_worker_state_active" time="0.257" /><testcase classname="tests.test_iteration7_supplement" name="test_admin_shield_rejects_worker" time="0.145" /><testcase classname="tests.test_iteration7_supplement" name="test_mining_config_baseline_compute" time="0.265" /></testsuite></testsuites>