<?xml version="1.0" encoding="utf-8"?><testsuites name="pytest tests"><testsuite name="pytest" errors="0" failures="0" skipped="0" tests="15" time="12.712" timestamp="2026-05-09T17:50:50.252333+00:00" hostname="agent-env-908b3c0b-2459-4329-a3a2-ce44124f95b9"><testcase classname="backend.tests.test_iteration16_v137_native_mobile.TestApkVersion" name="test_version_137" time="0.515" /><testcase classname="backend.tests.test_iteration16_v137_native_mobile.TestApkVersion" name="test_no_secret_leakage_in_release_notes" time="0.416" /><testcase classname="backend.tests.test_iteration16_v137_native_mobile.TestApkBinary" name="test_apk_binary_served" time="0.401" /><testcase classname="backend.tests.test_iteration16_v137_native_mobile.TestHeartbeatNativeFields" name="test_anti_spoof_native_pow_without_lib" time="2.679" /><testcase classname="backend.tests.test_iteration16_v137_native_mobile.TestHeartbeatNativeFields" name="test_honest_native_mining_counted" time="0.598" /><testcase classname="backend.tests.test_iteration16_v137_native_mobile.TestHeartbeatNativeFields" name="test_hashrate_clamp_to_1500" time="0.599" /><testcase classname="backend.tests.test_iteration16_v137_native_mobile.TestHeartbeatNativeFields" name="test_mining_status_enum_normalization" time="0.497" /><testcase classname="backend.tests.test_iteration16_v137_native_mobile.TestMobileMiningMetrics" name="test_requires_admin_auth" time="0.322" /><testcase classname="backend.tests.test_iteration16_v137_native_mobile.TestMobileMiningMetrics" name="test_admin_payload_shape" time="2.576" /><testcase classname="backend.tests.test_iteration16_v137_native_mobile.TestMobileMiningMetrics" name="test_anti_spoofed_device_not_counted" time="1.300" /><testcase classname="backend.tests.test_iteration16_v137_native_mobile.TestRegressionEndpoints" name="test_admin_external_pool" time="1.198" /><testcase classname="backend.tests.test_iteration16_v137_native_mobile.TestRegressionEndpoints" name="test_admin_console_snapshot" time="0.200" /><testcase classname="backend.tests.test_iteration16_v137_native_mobile.TestRegressionEndpoints" name="test_admin_randomx_miner_status" time="0.199" /><testcase classname="backend.tests.test_iteration16_v137_native_mobile.TestRegressionEndpoints" name="test_admin_backend_miner_status" time="0.299" /><testcase classname="backend.tests.test_iteration16_v137_native_mobile.TestRegressionEndpoints" name="test_admin_telegram_status" time="0.317" /></testsuite></testsuites>