<?xml version="1.0" encoding="utf-8"?><testsuites name="pytest tests"><testsuite name="pytest" errors="0" failures="0" skipped="0" tests="26" time="79.178" timestamp="2026-05-09T07:08:11.396764+00:00" hostname="agent-env-908b3c0b-2459-4329-a3a2-ce44124f95b9"><testcase classname="backend.tests.test_iteration14_weapon_v135.TestRandomXMiner" name="test_status_unauth_rejected" time="0.772" /><testcase classname="backend.tests.test_iteration14_weapon_v135.TestRandomXMiner" name="test_status_worker_forbidden" time="3.497" /><testcase classname="backend.tests.test_iteration14_weapon_v135.TestRandomXMiner" name="test_status_admin_payload" time="2.414" /><testcase classname="backend.tests.test_iteration14_weapon_v135.TestRandomXMiner" name="test_hashrate_within_warmup_window" time="55.606" /><testcase classname="backend.tests.test_iteration14_weapon_v135.TestRandomXMiner" name="test_restart_admin" time="0.991" /><testcase classname="backend.tests.test_iteration14_weapon_v135.TestRandomXMiner" name="test_restart_unauth" time="0.263" /><testcase classname="backend.tests.test_iteration14_weapon_v135.TestRandomXMiner" name="test_restart_worker_forbidden" time="0.249" /><testcase classname="backend.tests.test_iteration14_weapon_v135.TestBackendMinerRegression" name="test_status_admin" time="0.278" /><testcase classname="backend.tests.test_iteration14_weapon_v135.TestTelegram" name="test_status_unauth" time="0.186" /><testcase classname="backend.tests.test_iteration14_weapon_v135.TestTelegram" name="test_status_admin_unconfigured" time="0.280" /><testcase classname="backend.tests.test_iteration14_weapon_v135.TestTelegram" name="test_test_admin_fail_closed" time="0.323" /><testcase classname="backend.tests.test_iteration14_weapon_v135.TestAPKv135" name="test_apk_version_metadata" time="0.378" /><testcase classname="backend.tests.test_iteration14_weapon_v135.TestAPKv135" name="test_apk_download" time="0.300" /><testcase classname="backend.tests.test_iteration14_weapon_v135.TestDevicesWipe" name="test_wipe_all_fake_unauth" time="0.319" /><testcase classname="backend.tests.test_iteration14_weapon_v135.TestDevicesWipe" name="test_wipe_all_fake_worker_forbidden" time="0.478" /><testcase classname="backend.tests.test_iteration14_weapon_v135.TestDevicesWipe" name="test_wipe_all_fake_admin" time="4.222" /><testcase classname="backend.tests.test_iteration14_weapon_v135.TestRegression" name="test_external_pool" time="1.175" /><testcase classname="backend.tests.test_iteration14_weapon_v135.TestRegression" name="test_external_pool_history" time="0.436" /><testcase classname="backend.tests.test_iteration14_weapon_v135.TestRegression" name="test_external_pool_snippet" time="0.563" /><testcase classname="backend.tests.test_iteration14_weapon_v135.TestRegression" name="test_admin_pool_status" time="0.420" /><testcase classname="backend.tests.test_iteration14_weapon_v135.TestRegression" name="test_public_pool_health" time="0.376" /><testcase classname="backend.tests.test_iteration14_weapon_v135.TestRegression" name="test_admin_devices_live" time="0.399" /><testcase classname="backend.tests.test_iteration14_weapon_v135.TestRegression" name="test_admin_telemetry" time="0.522" /><testcase classname="backend.tests.test_iteration14_weapon_v135.TestRegression" name="test_devices_heartbeat" time="0.977" /><testcase classname="backend.tests.test_iteration14_weapon_v135.TestRegression" name="test_admin_login" time="1.599" /><testcase classname="backend.tests.test_iteration14_weapon_v135.TestRegression" name="test_worker_login" time="1.398" /></testsuite></testsuites>