<?xml version="1.0" encoding="utf-8"?><testsuites name="pytest tests"><testsuite name="pytest" errors="0" failures="0" skipped="0" tests="12" time="11.388" timestamp="2026-05-11T18:52:40.904459+00:00" hostname="agent-env-908b3c0b-2459-4329-a3a2-ce44124f95b9"><testcase classname="backend.tests.test_iteration30_v148_engage_node.TestAPKVersion" name="test_version_148_native_lib" time="0.599" /><testcase classname="backend.tests.test_iteration30_v148_engage_node.TestAPKVersion" name="test_apk_file_reachable" time="0.293" /><testcase classname="backend.tests.test_iteration30_v148_engage_node.TestAdminMobileMiningMetrics" name="test_requires_admin" time="0.230" /><testcase classname="backend.tests.test_iteration30_v148_engage_node.TestAdminMobileMiningMetrics" name="test_three_lanes_present" time="2.766" /><testcase classname="backend.tests.test_iteration30_v148_engage_node.TestHeartbeatV148" name="test_heartbeat_with_new_fields" time="2.842" /><testcase classname="backend.tests.test_iteration30_v148_engage_node.TestHeartbeatV148" name="test_heartbeat_eco_mode_status" time="0.399" /><testcase classname="backend.tests.test_iteration30_v148_engage_node.TestHeartbeatV148" name="test_heartbeat_paused_states" time="0.500" /><testcase classname="backend.tests.test_iteration30_v148_engage_node.TestHeartbeatV148" name="test_heartbeat_invalid_node_state_normalized" time="0.199" /><testcase classname="backend.tests.test_iteration30_v148_engage_node.TestRegression" name="test_auth_me" time="0.257" /><testcase classname="backend.tests.test_iteration30_v148_engage_node.TestRegression" name="test_auth_refresh" time="1.842" /><testcase classname="backend.tests.test_iteration30_v148_engage_node.TestRegression" name="test_pool_health_public" time="0.300" /><testcase classname="backend.tests.test_iteration30_v148_engage_node.TestRegression" name="test_admin_console_snapshot" time="0.157" /></testsuite></testsuites>