<?xml version="1.0" encoding="utf-8"?><testsuites name="pytest tests"><testsuite name="pytest" errors="0" failures="0" skipped="0" tests="25" time="24.652" timestamp="2026-05-11T19:54:58.539725+00:00" hostname="agent-env-908b3c0b-2459-4329-a3a2-ce44124f95b9"><testcase classname="backend.tests.test_iteration31_v149_tgc_economy.TestAPKVersion" name="test_apk_version_149" time="2.289" /><testcase classname="backend.tests.test_iteration31_v149_tgc_economy.TestWalletLedger" name="test_wallet_has_all_tgc_keys" time="2.757" /><testcase classname="backend.tests.test_iteration31_v149_tgc_economy.TestTierForecast" name="test_mid_tier" time="0.542" /><testcase classname="backend.tests.test_iteration31_v149_tgc_economy.TestTierForecast" name="test_flagship_tier" time="0.599" /><testcase classname="backend.tests.test_iteration31_v149_tgc_economy.TestTierForecast" name="test_core_tier" time="0.456" /><testcase classname="backend.tests.test_iteration31_v149_tgc_economy.TestTierForecast" name="test_budget_tier" time="0.500" /><testcase classname="backend.tests.test_iteration31_v149_tgc_economy.TestNodeDrip" name="test_drip_engaged_full_mid_60s" time="1.505" /><testcase classname="backend.tests.test_iteration31_v149_tgc_economy.TestNodeDrip" name="test_drip_engaged_eco_is_half" time="0.836" /><testcase classname="backend.tests.test_iteration31_v149_tgc_economy.TestNodeDrip" name="test_drip_no_credit_states[paused_battery]" time="0.456" /><testcase classname="backend.tests.test_iteration31_v149_tgc_economy.TestNodeDrip" name="test_drip_no_credit_states[paused_power]" time="0.599" /><testcase classname="backend.tests.test_iteration31_v149_tgc_economy.TestNodeDrip" name="test_drip_no_credit_states[paused_thermal]" time="0.600" /><testcase classname="backend.tests.test_iteration31_v149_tgc_economy.TestNodeDrip" name="test_drip_no_credit_states[idle]" time="0.498" /><testcase classname="backend.tests.test_iteration31_v149_tgc_economy.TestNodeDrip" name="test_drip_elapsed_cap_180s" time="0.342" /><testcase classname="backend.tests.test_iteration31_v149_tgc_economy.TestPayoutAddress" name="test_invalid_network" time="0.355" /><testcase classname="backend.tests.test_iteration31_v149_tgc_economy.TestPayoutAddress" name="test_invalid_address_too_short" time="0.399" /><testcase classname="backend.tests.test_iteration31_v149_tgc_economy.TestPayoutAddress" name="test_invalid_address_too_long" time="0.342" /><testcase classname="backend.tests.test_iteration31_v149_tgc_economy.TestPayoutAddress" name="test_valid_address_bep20" time="1.104" /><testcase classname="backend.tests.test_iteration31_v149_tgc_economy.TestWithdraw" name="test_withdraw_under_1000_tgc" time="0.354" /><testcase classname="backend.tests.test_iteration31_v149_tgc_economy.TestHeartbeat" name="test_heartbeat_engaged_standby_preserved" time="2.498" /><testcase classname="backend.tests.test_iteration31_v149_tgc_economy.TestAdminMobileMetrics" name="test_metrics_shape_and_honest_split" time="4.144" /><testcase classname="backend.tests.test_iteration31_v149_tgc_economy.TestRegression" name="test_auth_me" time="0.454" /><testcase classname="backend.tests.test_iteration31_v149_tgc_economy.TestRegression" name="test_auth_refresh" time="0.602" /><testcase classname="backend.tests.test_iteration31_v149_tgc_economy.TestRegression" name="test_pool_health" time="0.542" /><testcase classname="backend.tests.test_iteration31_v149_tgc_economy.TestRegression" name="test_admin_console_snapshot" time="0.401" /><testcase classname="backend.tests.test_iteration31_v149_tgc_economy.TestRegression" name="test_devices_list" time="0.554" /></testsuite></testsuites>