<?xml version="1.0" encoding="utf-8"?><testsuites name="pytest tests"><testsuite name="pytest" errors="0" failures="0" skipped="0" tests="16" time="4.567" timestamp="2026-05-07T17:25:48.471622+00:00" hostname="agent-env-908b3c0b-2459-4329-a3a2-ce44124f95b9"><testcase classname="tests.test_iteration10_v124_hardening.TestPoolHealthPublic" name="test_pool_health_no_auth" time="0.342" /><testcase classname="tests.test_iteration10_v124_hardening.TestPoolHealthPublic" name="test_pool_health_account_masked_format" time="0.301" /><testcase classname="tests.test_iteration10_v124_hardening.TestPoolHealthPublic" name="test_pool_health_unauth_message_says_not_configured_in_preview" time="0.138" /><testcase classname="tests.test_iteration10_v124_hardening.TestAdminPoolStatus" name="test_admin_pool_status_requires_auth" time="0.146" /><testcase classname="tests.test_iteration10_v124_hardening.TestAdminPoolStatus" name="test_admin_pool_status_rejects_user_token" time="0.525" /><testcase classname="tests.test_iteration10_v124_hardening.TestAdminPoolStatus" name="test_admin_pool_status_with_admin" time="0.485" /><testcase classname="tests.test_iteration10_v124_hardening.TestAdminPoolStatus" name="test_admin_pool_status_url_redacted" time="0.118" /><testcase classname="tests.test_iteration10_v124_hardening.TestApkV124" name="test_apk_version_endpoint" time="0.142" /><testcase classname="tests.test_iteration10_v124_hardening.TestApkV124" name="test_apk_head_returns_content_length" time="0.149" /><testcase classname="tests.test_iteration10_v124_hardening.TestHashrateCap" name="test_heartbeat_clamps_insanely_high_hashrate" time="0.884" /><testcase classname="tests.test_iteration10_v124_hardening.TestHashrateCap" name="test_heartbeat_normal_hashrate_not_clamped" time="0.612" /><testcase classname="tests.test_iteration10_v124_hardening.TestHashrateCap" name="test_heartbeat_negative_hashrate_clamped_to_zero" time="0.631" /><testcase classname="tests.test_iteration10_v124_hardening.TestRedactStratumUrl" name="test_redact_strips_userinfo_and_query" time="0.000" /><testcase classname="tests.test_iteration10_v124_hardening.TestRedactStratumUrl" name="test_redact_no_userinfo_passthrough" time="0.000" /><testcase classname="tests.test_iteration10_v124_hardening.TestRedactStratumUrl" name="test_redact_strips_fragment" time="0.000" /><testcase classname="tests.test_iteration10_v124_hardening.TestRedactStratumUrl" name="test_redact_none_and_empty" time="0.000" /></testsuite></testsuites>