<?xml version="1.0" encoding="utf-8"?><testsuites name="pytest tests"><testsuite name="pytest" errors="0" failures="2" skipped="0" tests="18" time="14.596" timestamp="2026-05-09T19:05:07.054487+00:00" hostname="agent-env-908b3c0b-2459-4329-a3a2-ce44124f95b9"><testcase classname="backend.tests.test_iteration17_v138_mobile_bridge.TestApkVersion138" name="test_version_138" time="0.698" /><testcase classname="backend.tests.test_iteration17_v138_mobile_bridge.TestApkVersion138" name="test_no_secret_leakage" time="0.792" /><testcase classname="backend.tests.test_iteration17_v138_mobile_bridge.TestApkVersion138" name="test_apk_binary" time="0.317" /><testcase classname="backend.tests.test_iteration17_v138_mobile_bridge.TestMobileMiningConfig" name="test_requires_auth" time="0.380" /><testcase classname="backend.tests.test_iteration17_v138_mobile_bridge.TestMobileMiningConfig" name="test_missing_device_id" time="2.518" /><testcase classname="backend.tests.test_iteration17_v138_mobile_bridge.TestMobileMiningConfig" name="test_session_payload_shape" time="0.296" /><testcase classname="backend.tests.test_iteration17_v138_mobile_bridge.TestAdminMobileMiningMetrics138" name="test_requires_admin_auth" time="0.399" /><testcase classname="backend.tests.test_iteration17_v138_mobile_bridge.TestAdminMobileMiningMetrics138" name="test_payload_shape_v138" time="1.884" /><testcase classname="backend.tests.test_iteration17_v138_mobile_bridge.TestHeartbeatV138Fields" name="test_native_lib_sha256_accepted" time="0.425"><failure message="AssertionError: {&quot;detail&quot;:[{&quot;type&quot;:&quot;missing&quot;,&quot;loc&quot;:[&quot;body&quot;,&quot;charging&quot;],&quot;msg&quot;:&quot;Field required&quot;,&quot;input&quot;:{&quot;device_id&quot;:&quot;TEST-lib-5356195c&quot;,&quot;battery_percent&quot;:90,&quot;is_charging&quot;:true,&quot;network_type&quot;:&quot;wifi&quot;,&quot;platform&quot;:&quot;android&quot;,&quot;native_lib_loaded&quot;:true,&quot;native_pow&quot;:true,&quot;native_lib_sha256&quot;:&quot;deadbeefdeadbeefdeadbeefdeadbeefdeadbeefdeadbeefdeadbeefdeadbeef&quot;,&quot;local_hashrate_hps&quot;:250.0,&quot;mining_status&quot;:&quot;mining_native&quot;,&quot;mobile_submitted_shares&quot;:42,&quot;mobile_accepted_shares&quot;:0,&quot;app_version&quot;:&quot;1.3.8&quot;},&quot;url&quot;:&quot;https://errors.pydantic.dev/2.13/v/missing&quot;},{&quot;type&quot;:&quot;missing&quot;,&quot;loc&quot;:[&quot;body&quot;,&quot;wifi&quot;],&quot;msg&quot;:&quot;Field required&quot;,&quot;input&quot;:{&quot;device_id&quot;:&quot;TEST-lib-5356195c&quot;,&quot;battery_percent&quot;:90,&quot;is_charging&quot;:true,&quot;network_type&quot;:&quot;wifi&quot;,&quot;platform&quot;:&quot;android&quot;,&quot;native_lib_loaded&quot;:true,&quot;native_pow&quot;:true,&quot;native_lib_sha256&quot;:&quot;deadbeefdeadbeefdeadbeefdeadbeefdeadbeefdeadbeefdeadbeefdeadbeef&quot;,&quot;local_hashrate_hps&quot;:250.0,&quot;mining_status&quot;:&quot;mining_native&quot;,&quot;mobile_submitted_shares&quot;:42,&quot;mobile_accepted_shares&quot;:0,&quot;app_version&quot;:&quot;1.3.8&quot;},&quot;url&quot;:&quot;https://errors.pydantic.dev/2.13/v/missing&quot;},{&quot;type&quot;:&quot;missing&quot;,&quot;loc&quot;:[&quot;body&quot;,&quot;permission&quot;],&quot;msg&quot;:&quot;Field required&quot;,&quot;input&quot;:{&quot;device_id&quot;:&quot;TEST-lib-5356195c&quot;,&quot;battery_percent&quot;:90,&quot;is_charging&quot;:true,&quot;network_type&quot;:&quot;wifi&quot;,&quot;platform&quot;:&quot;android&quot;,&quot;native_lib_loaded&quot;:true,&quot;native_pow&quot;:true,&quot;native_lib_sha256&quot;:&quot;deadbeefdeadbeefdeadbeefdeadbeefdeadbeefdeadbeefdeadbeefdeadbeef&quot;,&quot;local_hashrate_hps&quot;:250.0,&quot;mining_status&quot;:&quot;mining_native&quot;,&quot;mobile_submitted_shares&quot;:42,&quot;mobile_accepted_shares&quot;:0,&quot;app_version&quot;:&quot;1.3.8&quot;},&quot;url&quot;:&quot;https://errors.pydantic.dev/2.13/v/missing&quot;}]}&#10;assert 422 == 200&#10; +  where 422 = &lt;Response [422]&gt;.status_code">backend/tests/test_iteration17_v138_mobile_bridge.py:228: in test_native_lib_sha256_accepted
    assert r.status_code == 200, r.text
E   AssertionError: {"detail":[{"type":"missing","loc":["body","charging"],"msg":"Field required","input":{"device_id":"TEST-lib-5356195c","battery_percent":90,"is_charging":true,"network_type":"wifi","platform":"android","native_lib_loaded":true,"native_pow":true,"native_lib_sha256":"deadbeefdeadbeefdeadbeefdeadbeefdeadbeefdeadbeefdeadbeefdeadbeef","local_hashrate_hps":250.0,"mining_status":"mining_native","mobile_submitted_shares":42,"mobile_accepted_shares":0,"app_version":"1.3.8"},"url":"https://errors.pydantic.dev/2.13/v/missing"},{"type":"missing","loc":["body","wifi"],"msg":"Field required","input":{"device_id":"TEST-lib-5356195c","battery_percent":90,"is_charging":true,"network_type":"wifi","platform":"android","native_lib_loaded":true,"native_pow":true,"native_lib_sha256":"deadbeefdeadbeefdeadbeefdeadbeefdeadbeefdeadbeefdeadbeefdeadbeef","local_hashrate_hps":250.0,"mining_status":"mining_native","mobile_submitted_shares":42,"mobile_accepted_shares":0,"app_version":"1.3.8"},"url":"https://errors.pydantic.dev/2.13/v/missing"},{"type":"missing","loc":["body","permission"],"msg":"Field required","input":{"device_id":"TEST-lib-5356195c","battery_percent":90,"is_charging":true,"network_type":"wifi","platform":"android","native_lib_loaded":true,"native_pow":true,"native_lib_sha256":"deadbeefdeadbeefdeadbeefdeadbeefdeadbeefdeadbeefdeadbeefdeadbeef","local_hashrate_hps":250.0,"mining_status":"mining_native","mobile_submitted_shares":42,"mobile_accepted_shares":0,"app_version":"1.3.8"},"url":"https://errors.pydantic.dev/2.13/v/missing"}]}
E   assert 422 == 200
E    +  where 422 = &lt;Response [422]&gt;.status_code</failure></testcase><testcase classname="backend.tests.test_iteration17_v138_mobile_bridge.TestHeartbeatV138Fields" name="test_metrics_reflect_submitted" time="0.387"><failure message="AssertionError: {&quot;detail&quot;:[{&quot;type&quot;:&quot;missing&quot;,&quot;loc&quot;:[&quot;body&quot;,&quot;charging&quot;],&quot;msg&quot;:&quot;Field required&quot;,&quot;input&quot;:{&quot;device_id&quot;:&quot;TEST-subm-edafa61f&quot;,&quot;battery_percent&quot;:80,&quot;is_charging&quot;:true,&quot;network_type&quot;:&quot;wifi&quot;,&quot;platform&quot;:&quot;android&quot;,&quot;native_lib_loaded&quot;:true,&quot;native_pow&quot;:true,&quot;native_lib_sha256&quot;:&quot;feedfacefeedfacefeedfacefeedfacefeedfacefeedfacefeedfacefeedface&quot;,&quot;local_hashrate_hps&quot;:300.0,&quot;mining_status&quot;:&quot;mining_native&quot;,&quot;mobile_submitted_shares&quot;:7,&quot;mobile_accepted_shares&quot;:0,&quot;app_version&quot;:&quot;1.3.8&quot;},&quot;url&quot;:&quot;https://errors.pydantic.dev/2.13/v/missing&quot;},{&quot;type&quot;:&quot;missing&quot;,&quot;loc&quot;:[&quot;body&quot;,&quot;wifi&quot;],&quot;msg&quot;:&quot;Field required&quot;,&quot;input&quot;:{&quot;device_id&quot;:&quot;TEST-subm-edafa61f&quot;,&quot;battery_percent&quot;:80,&quot;is_charging&quot;:true,&quot;network_type&quot;:&quot;wifi&quot;,&quot;platform&quot;:&quot;android&quot;,&quot;native_lib_loaded&quot;:true,&quot;native_pow&quot;:true,&quot;native_lib_sha256&quot;:&quot;feedfacefeedfacefeedfacefeedfacefeedfacefeedfacefeedfacefeedface&quot;,&quot;local_hashrate_hps&quot;:300.0,&quot;mining_status&quot;:&quot;mining_native&quot;,&quot;mobile_submitted_shares&quot;:7,&quot;mobile_accepted_shares&quot;:0,&quot;app_version&quot;:&quot;1.3.8&quot;},&quot;url&quot;:&quot;https://errors.pydantic.dev/2.13/v/missing&quot;},{&quot;type&quot;:&quot;missing&quot;,&quot;loc&quot;:[&quot;body&quot;,&quot;permission&quot;],&quot;msg&quot;:&quot;Field required&quot;,&quot;input&quot;:{&quot;device_id&quot;:&quot;TEST-subm-edafa61f&quot;,&quot;battery_percent&quot;:80,&quot;is_charging&quot;:true,&quot;network_type&quot;:&quot;wifi&quot;,&quot;platform&quot;:&quot;android&quot;,&quot;native_lib_loaded&quot;:true,&quot;native_pow&quot;:true,&quot;native_lib_sha256&quot;:&quot;feedfacefeedfacefeedfacefeedfacefeedfacefeedfacefeedfacefeedface&quot;,&quot;local_hashrate_hps&quot;:300.0,&quot;mining_status&quot;:&quot;mining_native&quot;,&quot;mobile_submitted_shares&quot;:7,&quot;mobile_accepted_shares&quot;:0,&quot;app_version&quot;:&quot;1.3.8&quot;},&quot;url&quot;:&quot;https://errors.pydantic.dev/2.13/v/missing&quot;}]}&#10;assert 422 == 200&#10; +  where 422 = &lt;Response [422]&gt;.status_code">backend/tests/test_iteration17_v138_mobile_bridge.py:248: in test_metrics_reflect_submitted
    assert r.status_code == 200, r.text
E   AssertionError: {"detail":[{"type":"missing","loc":["body","charging"],"msg":"Field required","input":{"device_id":"TEST-subm-edafa61f","battery_percent":80,"is_charging":true,"network_type":"wifi","platform":"android","native_lib_loaded":true,"native_pow":true,"native_lib_sha256":"feedfacefeedfacefeedfacefeedfacefeedfacefeedfacefeedfacefeedface","local_hashrate_hps":300.0,"mining_status":"mining_native","mobile_submitted_shares":7,"mobile_accepted_shares":0,"app_version":"1.3.8"},"url":"https://errors.pydantic.dev/2.13/v/missing"},{"type":"missing","loc":["body","wifi"],"msg":"Field required","input":{"device_id":"TEST-subm-edafa61f","battery_percent":80,"is_charging":true,"network_type":"wifi","platform":"android","native_lib_loaded":true,"native_pow":true,"native_lib_sha256":"feedfacefeedfacefeedfacefeedfacefeedfacefeedfacefeedfacefeedface","local_hashrate_hps":300.0,"mining_status":"mining_native","mobile_submitted_shares":7,"mobile_accepted_shares":0,"app_version":"1.3.8"},"url":"https://errors.pydantic.dev/2.13/v/missing"},{"type":"missing","loc":["body","permission"],"msg":"Field required","input":{"device_id":"TEST-subm-edafa61f","battery_percent":80,"is_charging":true,"network_type":"wifi","platform":"android","native_lib_loaded":true,"native_pow":true,"native_lib_sha256":"feedfacefeedfacefeedfacefeedfacefeedfacefeedfacefeedfacefeedface","local_hashrate_hps":300.0,"mining_status":"mining_native","mobile_submitted_shares":7,"mobile_accepted_shares":0,"app_version":"1.3.8"},"url":"https://errors.pydantic.dev/2.13/v/missing"}]}
E   assert 422 == 200
E    +  where 422 = &lt;Response [422]&gt;.status_code</failure></testcase><testcase classname="backend.tests.test_iteration17_v138_mobile_bridge.TestMobileMiningWS" name="test_ws_no_token_rejected" time="0.397" /><testcase classname="backend.tests.test_iteration17_v138_mobile_bridge.TestRegressionEndpoints138" name="test_admin_console_snapshot" time="0.197" /><testcase classname="backend.tests.test_iteration17_v138_mobile_bridge.TestRegressionEndpoints138" name="test_admin_randomx_miner_status" time="0.199" /><testcase classname="backend.tests.test_iteration17_v138_mobile_bridge.TestRegressionEndpoints138" name="test_admin_backend_miner_status" time="0.199" /><testcase classname="backend.tests.test_iteration17_v138_mobile_bridge.TestRegressionEndpoints138" name="test_admin_external_pool" time="0.997" /><testcase classname="backend.tests.test_iteration17_v138_mobile_bridge.TestRegressionEndpoints138" name="test_admin_login" time="2.099" /><testcase classname="backend.tests.test_iteration17_v138_mobile_bridge.TestRegressionEndpoints138" name="test_worker_login" time="1.600" /><testcase classname="backend.tests.test_iteration17_v138_mobile_bridge.TestBuildScriptGate" name="test_build_apk_fails_without_librandomx" time="0.000" /></testsuite></testsuites>