<?xml version="1.0" encoding="utf-8"?><testsuites name="pytest tests"><testsuite name="pytest" errors="0" failures="0" skipped="0" tests="12" time="5.448" timestamp="2026-05-06T17:53:52.772852+00:00" hostname="agent-env-908b3c0b-2459-4329-a3a2-ce44124f95b9"><testcase classname="backend.tests.test_iteration6_tgc.TestWalletTGC" name="test_wallet_returns_tgc_fields" time="1.247" /><testcase classname="backend.tests.test_iteration6_tgc.TestPowerUp" name="test_power_up_first_then_already_active" time="0.342" /><testcase classname="backend.tests.test_iteration6_tgc.TestPowerUp" name="test_power_up_status" time="0.155" /><testcase classname="backend.tests.test_iteration6_tgc.TestTierForecast" name="test_tier_forecast[flagship-6.0-0.3]" time="0.148" /><testcase classname="backend.tests.test_iteration6_tgc.TestTierForecast" name="test_tier_forecast[mid-3.6-0.18]" time="0.349" /><testcase classname="backend.tests.test_iteration6_tgc.TestTierForecast" name="test_tier_forecast[budget-2.0-0.1]" time="0.142" /><testcase classname="backend.tests.test_iteration6_tgc.TestAdminShield" name="test_admin_shield_get" time="0.171" /><testcase classname="backend.tests.test_iteration6_tgc.TestAdminShield" name="test_admin_shield_set_halves_forecast" time="0.443" /><testcase classname="backend.tests.test_iteration6_tgc.TestAdminShield" name="test_admin_shield_rejects_non_admin" time="0.462" /><testcase classname="backend.tests.test_iteration6_tgc.TestTGCAccrual" name="test_accrual_with_power_up" time="1.133" /><testcase classname="backend.tests.test_iteration6_tgc.TestWithdraw" name="test_withdraw_below_threshold_rejected" time="0.215" /><testcase classname="backend.tests.test_iteration6_tgc.TestKillResume" name="test_kill_and_resume" time="0.435" /></testsuite></testsuites>