<?xml version="1.0" encoding="utf-8"?><testsuites name="pytest tests"><testsuite name="pytest" errors="0" failures="1" skipped="1" tests="42" time="100.304" timestamp="2026-05-05T18:43:33.978680+00:00" hostname="agent-env-908b3c0b-2459-4329-a3a2-ce44124f95b9"><testcase classname="backend.tests.test_grid_backend.TestAuth" name="test_register_returns_token_and_cookies" time="0.416" /><testcase classname="backend.tests.test_grid_backend.TestAuth" name="test_login_valid" time="0.347" /><testcase classname="backend.tests.test_grid_backend.TestAuth" name="test_login_invalid" time="0.357" /><testcase classname="backend.tests.test_grid_backend.TestAuth" name="test_me_with_bearer" time="0.496" /><testcase classname="backend.tests.test_grid_backend.TestAuth" name="test_devices_unauth" time="0.226" /><testcase classname="backend.tests.test_grid_backend.TestDevices" name="test_register_all_three_models" time="0.402" /><testcase classname="backend.tests.test_grid_backend.TestDevices" name="test_register_invalid_model" time="0.145" /><testcase classname="backend.tests.test_grid_backend.TestDevices" name="test_list_only_current_user" time="0.130" /><testcase classname="backend.tests.test_grid_backend.TestDevices" name="test_heartbeat_eligible" time="0.128" /><testcase classname="backend.tests.test_grid_backend.TestDevices" name="test_heartbeat_ineligible_when_any_false" time="0.438" /><testcase classname="backend.tests.test_grid_backend.TestTasks" name="test_request_requires_golden_rule" time="0.262" /><testcase classname="backend.tests.test_grid_backend.TestTasks" name="test_matrix_and_hash_verified" time="1.323" /><testcase classname="backend.tests.test_grid_backend.TestTasks" name="test_incorrect_result_rejected" time="68.604" /><testcase classname="backend.tests.test_grid_backend.TestTasks" name="test_fraud_shield_flags_on_fast_correct" time="7.943"><failure message="AssertionError: Fraud Shield did not flag device for compute_ms &lt; threshold&#10;assert False">backend/tests/test_grid_backend.py:313: in test_fraud_shield_flags_on_fast_correct
    assert flagged, "Fraud Shield did not flag device for compute_ms &lt; threshold"
E   AssertionError: Fraud Shield did not flag device for compute_ms &lt; threshold
E   assert False</failure></testcase><testcase classname="backend.tests.test_grid_backend.TestWallet" name="test_wallet_structure" time="0.160" /><testcase classname="backend.tests.test_grid_backend.TestWallet" name="test_withdraw_below_threshold" time="0.133" /><testcase classname="backend.tests.test_grid_backend.TestWallet" name="test_withdraw_success_when_bumped" time="0.000"><skipped type="pytest.skip" message="Requires direct DB bump; covered by threshold test above">/app/backend/tests/test_grid_backend.py:338: Requires direct DB bump; covered by threshold test above</skipped></testcase><testcase classname="backend.tests.test_grid_backend.TestStats" name="test_network_stats" time="0.134" /><testcase classname="backend.tests.test_grid_backend.TestAdmin" name="test_non_admin_forbidden" time="0.545" /><testcase classname="backend.tests.test_grid_backend.TestAdmin" name="test_admin_can_access" time="0.843" /><testcase classname="backend.tests.test_grid_backend.TestAdmin" name="test_admin_flag_and_unflag" time="0.283" /><testcase classname="backend.tests.test_grid_backend.TestAdmin" name="test_non_admin_cannot_approve_payout" time="0.157" /><testcase classname="backend.tests.test_iteration2_customer_jobs.TestRegisterRoles" name="test_register_customer" time="0.358" /><testcase classname="backend.tests.test_iteration2_customer_jobs.TestRegisterRoles" name="test_register_user_default" time="0.378" /><testcase classname="backend.tests.test_iteration2_customer_jobs.TestRegisterRoles" name="test_register_admin_self_assign_blocked" time="0.348" /><testcase classname="backend.tests.test_iteration2_customer_jobs.TestRegisterRoles" name="test_customer_login_routes_role" time="0.719" /><testcase classname="backend.tests.test_iteration2_customer_jobs.TestJobsCRUD" name="test_create_job_pending_with_rate" time="0.464" /><testcase classname="backend.tests.test_iteration2_customer_jobs.TestJobsCRUD" name="test_list_jobs_only_owned" time="1.234" /><testcase classname="backend.tests.test_iteration2_customer_jobs.TestJobsCRUD" name="test_get_job_by_id_and_404_for_other" time="1.378" /><testcase classname="backend.tests.test_iteration2_customer_jobs.TestJobsCRUD" name="test_worker_cannot_create_job" time="0.779" /><testcase classname="backend.tests.test_iteration2_customer_jobs.TestAdminJobs" name="test_non_admin_cannot_list_admin_jobs" time="0.505" /><testcase classname="backend.tests.test_iteration2_customer_jobs.TestAdminJobs" name="test_admin_lists_all_jobs" time="0.980" /><testcase classname="backend.tests.test_iteration2_customer_jobs.TestAdminJobs" name="test_approve_pending_to_running" time="0.848" /><testcase classname="backend.tests.test_iteration2_customer_jobs.TestAdminJobs" name="test_reject_then_re_approve" time="1.291" /><testcase classname="backend.tests.test_iteration2_customer_jobs.TestWorkerJobBinding" name="test_no_running_jobs_task_has_null_job_id" time="0.382" /><testcase classname="backend.tests.test_iteration2_customer_jobs.TestWorkerJobBinding" name="test_matrix_workload_forces_matrix_kind" time="1.275" /><testcase classname="backend.tests.test_iteration2_customer_jobs.TestWorkerJobBinding" name="test_hash_workload_forces_hash_kind" time="1.156" /><testcase classname="backend.tests.test_iteration2_customer_jobs.TestWorkerJobBinding" name="test_incorrect_result_does_not_increment_job" time="1.283" /><testcase classname="backend.tests.test_iteration2_customer_jobs.TestGoldenFlow" name="test_full_customer_to_completion" time="2.082" /><testcase classname="backend.tests.test_iteration2_customer_jobs.TestAdminLedger" name="test_ledger_structure" time="0.144" /><testcase classname="backend.tests.test_iteration2_customer_jobs.TestAdminLedger" name="test_non_admin_cannot_see_ledger" time="0.491" /><testcase classname="backend.tests.test_iteration2_customer_jobs.TestDeviceHealth" name="test_heartbeat_persists_brand_os_thermal" time="0.620" /></testsuite></testsuites>