<?xml version="1.0" encoding="utf-8"?><testsuites name="pytest tests"><testsuite name="pytest" errors="0" failures="0" skipped="1" tests="22" time="8.520" timestamp="2026-05-05T18:19:35.055956+00:00" hostname="agent-env-908b3c0b-2459-4329-a3a2-ce44124f95b9"><testcase classname="backend.tests.test_grid_backend.TestAuth" name="test_register_returns_token_and_cookies" time="0.447" /><testcase classname="backend.tests.test_grid_backend.TestAuth" name="test_login_valid" time="0.404" /><testcase classname="backend.tests.test_grid_backend.TestAuth" name="test_login_invalid" time="0.362" /><testcase classname="backend.tests.test_grid_backend.TestAuth" name="test_me_with_bearer" time="0.448" /><testcase classname="backend.tests.test_grid_backend.TestAuth" name="test_devices_unauth" time="0.124" /><testcase classname="backend.tests.test_grid_backend.TestDevices" name="test_register_all_three_models" time="0.424" /><testcase classname="backend.tests.test_grid_backend.TestDevices" name="test_register_invalid_model" time="0.110" /><testcase classname="backend.tests.test_grid_backend.TestDevices" name="test_list_only_current_user" time="0.112" /><testcase classname="backend.tests.test_grid_backend.TestDevices" name="test_heartbeat_eligible" time="0.140" /><testcase classname="backend.tests.test_grid_backend.TestDevices" name="test_heartbeat_ineligible_when_any_false" time="0.368" /><testcase classname="backend.tests.test_grid_backend.TestTasks" name="test_request_requires_golden_rule" time="0.267" /><testcase classname="backend.tests.test_grid_backend.TestTasks" name="test_matrix_and_hash_verified" time="2.105" /><testcase classname="backend.tests.test_grid_backend.TestTasks" name="test_incorrect_result_rejected" time="0.286" /><testcase classname="backend.tests.test_grid_backend.TestTasks" name="test_fraud_shield_flags_on_fast_correct" time="0.801" /><testcase classname="backend.tests.test_grid_backend.TestWallet" name="test_wallet_structure" time="0.113" /><testcase classname="backend.tests.test_grid_backend.TestWallet" name="test_withdraw_below_threshold" time="0.134" /><testcase classname="backend.tests.test_grid_backend.TestWallet" name="test_withdraw_success_when_bumped" time="0.000"><skipped type="pytest.skip" message="Requires direct DB bump; covered by threshold test above">/app/backend/tests/test_grid_backend.py:338: Requires direct DB bump; covered by threshold test above</skipped></testcase><testcase classname="backend.tests.test_grid_backend.TestStats" name="test_network_stats" time="0.115" /><testcase classname="backend.tests.test_grid_backend.TestAdmin" name="test_non_admin_forbidden" time="0.467" /><testcase classname="backend.tests.test_grid_backend.TestAdmin" name="test_admin_can_access" time="0.825" /><testcase classname="backend.tests.test_grid_backend.TestAdmin" name="test_admin_flag_and_unflag" time="0.233" /><testcase classname="backend.tests.test_grid_backend.TestAdmin" name="test_non_admin_cannot_approve_payout" time="0.115" /></testsuite></testsuites>